[2022-06-16 00:14:51,834] {taskinstance.py:1159} INFO - Dependencies all met for <TaskInstance: say_hi.team_0 manual__2022-06-16T00:14:45.313823+00:00 [queued]>
[2022-06-16 00:14:51,911] {taskinstance.py:1159} INFO - Dependencies all met for <TaskInstance: say_hi.team_0 manual__2022-06-16T00:14:45.313823+00:00 [queued]>
[2022-06-16 00:14:51,914] {taskinstance.py:1356} INFO - 
--------------------------------------------------------------------------------
[2022-06-16 00:14:51,914] {taskinstance.py:1357} INFO - Starting attempt 1 of 2
[2022-06-16 00:14:51,915] {taskinstance.py:1358} INFO - 
--------------------------------------------------------------------------------
[2022-06-16 00:14:52,056] {taskinstance.py:1377} INFO - Executing <Task(PythonOperator): team_0> on 2022-06-16 00:14:45.313823+00:00
[2022-06-16 00:14:52,108] {standard_task_runner.py:52} INFO - Started process 2853 to run task
[2022-06-16 00:14:52,174] {standard_task_runner.py:79} INFO - Running: ['***', 'tasks', 'run', 'say_hi', 'team_0', 'manual__2022-06-16T00:14:45.313823+00:00', '--job-id', '39', '--raw', '--subdir', 'DAGS_FOLDER/username.py', '--cfg-path', '/tmp/tmp4pzpe2gk', '--error-file', '/tmp/tmp85_knldk']
[2022-06-16 00:14:52,175] {standard_task_runner.py:80} INFO - Job 39: Subtask team_0
[2022-06-16 00:14:52,473] {task_command.py:370} INFO - Running <TaskInstance: say_hi.team_0 manual__2022-06-16T00:14:45.313823+00:00 [running]> on host 6a14fd44e8dc
[2022-06-16 00:14:53,025] {taskinstance.py:1571} INFO - Exporting the following env vars:
AIRFLOW_CTX_DAG_OWNER=***
AIRFLOW_CTX_DAG_ID=say_hi
AIRFLOW_CTX_TASK_ID=team_0
AIRFLOW_CTX_EXECUTION_DATE=2022-06-16T00:14:45.313823+00:00
AIRFLOW_CTX_TRY_NUMBER=1
AIRFLOW_CTX_DAG_RUN_ID=manual__2022-06-16T00:14:45.313823+00:00
[2022-06-16 00:14:53,027] {logging_mixin.py:115} INFO - Roma
[2022-06-16 00:14:53,027] {python.py:173} INFO - Done. Returned value was: None
[2022-06-16 00:14:53,209] {taskinstance.py:1400} INFO - Marking task as SUCCESS. dag_id=say_hi, task_id=team_0, execution_date=20220616T001445, start_date=20220616T001451, end_date=20220616T001453
[2022-06-16 00:14:53,362] {local_task_job.py:156} INFO - Task exited with return code 0
[2022-06-16 00:14:53,450] {local_task_job.py:273} INFO - 1 downstream tasks scheduled from follow-on schedule check
