[2022-06-15 23:31:11,745] {taskinstance.py:1159} INFO - Dependencies all met for <TaskInstance: say_hi.get_teams_task manual__2022-06-15T23:31:03.385307+00:00 [queued]>
[2022-06-15 23:31:11,756] {taskinstance.py:1159} INFO - Dependencies all met for <TaskInstance: say_hi.get_teams_task manual__2022-06-15T23:31:03.385307+00:00 [queued]>
[2022-06-15 23:31:11,756] {taskinstance.py:1356} INFO - 
--------------------------------------------------------------------------------
[2022-06-15 23:31:11,757] {taskinstance.py:1357} INFO - Starting attempt 1 of 2
[2022-06-15 23:31:11,757] {taskinstance.py:1358} INFO - 
--------------------------------------------------------------------------------
[2022-06-15 23:31:11,780] {taskinstance.py:1377} INFO - Executing <Task(BashOperator): get_teams_task> on 2022-06-15 23:31:03.385307+00:00
[2022-06-15 23:31:11,786] {standard_task_runner.py:52} INFO - Started process 1267 to run task
[2022-06-15 23:31:11,791] {standard_task_runner.py:79} INFO - Running: ['***', 'tasks', 'run', 'say_hi', 'get_teams_task', 'manual__2022-06-15T23:31:03.385307+00:00', '--job-id', '18', '--raw', '--subdir', 'DAGS_FOLDER/username.py', '--cfg-path', '/tmp/tmpckquwu9u', '--error-file', '/tmp/tmp1alkl8cm']
[2022-06-15 23:31:11,793] {standard_task_runner.py:80} INFO - Job 18: Subtask get_teams_task
[2022-06-15 23:31:11,886] {task_command.py:370} INFO - Running <TaskInstance: say_hi.get_teams_task manual__2022-06-15T23:31:03.385307+00:00 [running]> on host 6a14fd44e8dc
[2022-06-15 23:31:11,988] {taskinstance.py:1571} INFO - Exporting the following env vars:
AIRFLOW_CTX_DAG_OWNER=***
AIRFLOW_CTX_DAG_ID=say_hi
AIRFLOW_CTX_TASK_ID=get_teams_task
AIRFLOW_CTX_EXECUTION_DATE=2022-06-15T23:31:03.385307+00:00
AIRFLOW_CTX_TRY_NUMBER=1
AIRFLOW_CTX_DAG_RUN_ID=manual__2022-06-15T23:31:03.385307+00:00
[2022-06-15 23:31:11,989] {subprocess.py:62} INFO - Tmp dir root location: 
 /tmp
[2022-06-15 23:31:11,989] {subprocess.py:74} INFO - Running command: ['bash', '-c', 'echo "getting three random teams"']
[2022-06-15 23:31:12,000] {subprocess.py:85} INFO - Output:
[2022-06-15 23:31:12,002] {subprocess.py:92} INFO - getting three random teams
[2022-06-15 23:31:12,003] {subprocess.py:96} INFO - Command exited with return code 0
[2022-06-15 23:31:12,039] {taskinstance.py:1400} INFO - Marking task as SUCCESS. dag_id=say_hi, task_id=get_teams_task, execution_date=20220615T233103, start_date=20220615T233111, end_date=20220615T233112
[2022-06-15 23:31:12,083] {local_task_job.py:156} INFO - Task exited with return code 0
[2022-06-15 23:31:12,139] {local_task_job.py:273} INFO - 3 downstream tasks scheduled from follow-on schedule check
