[2022-06-08 21:48:30,931] {taskinstance.py:876} INFO - Dependencies all met for <TaskInstance: hello.print_hello 2022-06-07T00:00:00+00:00 [queued]>
[2022-06-08 21:48:31,015] {taskinstance.py:876} INFO - Dependencies all met for <TaskInstance: hello.print_hello 2022-06-07T00:00:00+00:00 [queued]>
[2022-06-08 21:48:31,016] {taskinstance.py:1067} INFO - 
--------------------------------------------------------------------------------
[2022-06-08 21:48:31,017] {taskinstance.py:1068} INFO - Starting attempt 1 of 2
[2022-06-08 21:48:31,027] {taskinstance.py:1069} INFO - 
--------------------------------------------------------------------------------
[2022-06-08 21:48:31,075] {taskinstance.py:1087} INFO - Executing <Task(BashOperator): print_hello> on 2022-06-07T00:00:00+00:00
[2022-06-08 21:48:31,119] {standard_task_runner.py:52} INFO - Started process 320 to run task
[2022-06-08 21:48:31,136] {standard_task_runner.py:76} INFO - Running: ['***', 'tasks', 'run', 'hello', 'print_hello', '2022-06-07T00:00:00+00:00', '--job-id', '37', '--pool', 'default_pool', '--raw', '--subdir', 'DAGS_FOLDER/username.py', '--cfg-path', '/tmp/tmpy2xuz35h', '--error-file', '/tmp/tmplwb595pf']
[2022-06-08 21:48:31,138] {standard_task_runner.py:77} INFO - Job 37: Subtask print_hello
[2022-06-08 21:48:31,346] {logging_mixin.py:104} INFO - Running <TaskInstance: hello.print_hello 2022-06-07T00:00:00+00:00 [running]> on host 69873a4b1233
[2022-06-08 21:48:31,579] {taskinstance.py:1282} INFO - Exporting the following env vars:
AIRFLOW_CTX_DAG_OWNER=***
AIRFLOW_CTX_DAG_ID=hello
AIRFLOW_CTX_TASK_ID=print_hello
AIRFLOW_CTX_EXECUTION_DATE=2022-06-07T00:00:00+00:00
AIRFLOW_CTX_DAG_RUN_ID=scheduled__2022-06-07T00:00:00+00:00
[2022-06-08 21:48:31,580] {subprocess.py:52} INFO - Tmp dir root location: 
 /tmp
[2022-06-08 21:48:31,582] {subprocess.py:63} INFO - Running command: ['bash', '-c', 'echo Hello World']
[2022-06-08 21:48:31,612] {subprocess.py:75} INFO - Output:
[2022-06-08 21:48:31,630] {subprocess.py:79} INFO - Hello World
[2022-06-08 21:48:31,631] {subprocess.py:83} INFO - Command exited with return code 0
[2022-06-08 21:48:31,727] {taskinstance.py:1191} INFO - Marking task as SUCCESS. dag_id=hello, task_id=print_hello, execution_date=20220607T000000, start_date=20220608T214830, end_date=20220608T214831
[2022-06-08 21:48:31,892] {taskinstance.py:1245} INFO - 2 downstream tasks scheduled from follow-on schedule check
[2022-06-08 21:48:31,914] {local_task_job.py:151} INFO - Task exited with return code 0
