[2022-06-08 21:48:30,787] {taskinstance.py:876} INFO - Dependencies all met for <TaskInstance: hello.print_hello 2022-06-06T00:00:00+00:00 [queued]>
[2022-06-08 21:48:30,843] {taskinstance.py:876} INFO - Dependencies all met for <TaskInstance: hello.print_hello 2022-06-06T00:00:00+00:00 [queued]>
[2022-06-08 21:48:30,844] {taskinstance.py:1067} INFO - 
--------------------------------------------------------------------------------
[2022-06-08 21:48:30,844] {taskinstance.py:1068} INFO - Starting attempt 1 of 2
[2022-06-08 21:48:30,859] {taskinstance.py:1069} INFO - 
--------------------------------------------------------------------------------
[2022-06-08 21:48:30,906] {taskinstance.py:1087} INFO - Executing <Task(BashOperator): print_hello> on 2022-06-06T00:00:00+00:00
[2022-06-08 21:48:30,935] {standard_task_runner.py:52} INFO - Started process 319 to run task
[2022-06-08 21:48:30,951] {standard_task_runner.py:76} INFO - Running: ['***', 'tasks', 'run', 'hello', 'print_hello', '2022-06-06T00:00:00+00:00', '--job-id', '36', '--pool', 'default_pool', '--raw', '--subdir', 'DAGS_FOLDER/username.py', '--cfg-path', '/tmp/tmpl2f0zwl8', '--error-file', '/tmp/tmpiz6cmf6g']
[2022-06-08 21:48:30,953] {standard_task_runner.py:77} INFO - Job 36: Subtask print_hello
[2022-06-08 21:48:31,147] {logging_mixin.py:104} INFO - Running <TaskInstance: hello.print_hello 2022-06-06T00:00:00+00:00 [running]> on host 69873a4b1233
[2022-06-08 21:48:31,467] {taskinstance.py:1282} INFO - Exporting the following env vars:
AIRFLOW_CTX_DAG_OWNER=***
AIRFLOW_CTX_DAG_ID=hello
AIRFLOW_CTX_TASK_ID=print_hello
AIRFLOW_CTX_EXECUTION_DATE=2022-06-06T00:00:00+00:00
AIRFLOW_CTX_DAG_RUN_ID=scheduled__2022-06-06T00:00:00+00:00
[2022-06-08 21:48:31,473] {subprocess.py:52} INFO - Tmp dir root location: 
 /tmp
[2022-06-08 21:48:31,475] {subprocess.py:63} INFO - Running command: ['bash', '-c', 'echo Hello World']
[2022-06-08 21:48:31,522] {subprocess.py:75} INFO - Output:
[2022-06-08 21:48:31,537] {subprocess.py:79} INFO - Hello World
[2022-06-08 21:48:31,541] {subprocess.py:83} INFO - Command exited with return code 0
[2022-06-08 21:48:31,651] {taskinstance.py:1191} INFO - Marking task as SUCCESS. dag_id=hello, task_id=print_hello, execution_date=20220606T000000, start_date=20220608T214830, end_date=20220608T214831
[2022-06-08 21:48:31,803] {taskinstance.py:1245} INFO - 2 downstream tasks scheduled from follow-on schedule check
[2022-06-08 21:48:31,831] {local_task_job.py:151} INFO - Task exited with return code 0
