[2022-06-08 22:19:02,725] {taskinstance.py:876} INFO - Dependencies all met for <TaskInstance: say_hi.get_name 2022-06-07T00:00:00+00:00 [queued]>
[2022-06-08 22:19:02,785] {taskinstance.py:876} INFO - Dependencies all met for <TaskInstance: say_hi.get_name 2022-06-07T00:00:00+00:00 [queued]>
[2022-06-08 22:19:02,785] {taskinstance.py:1067} INFO - 
--------------------------------------------------------------------------------
[2022-06-08 22:19:02,785] {taskinstance.py:1068} INFO - Starting attempt 1 of 2
[2022-06-08 22:19:02,800] {taskinstance.py:1069} INFO - 
--------------------------------------------------------------------------------
[2022-06-08 22:19:02,859] {taskinstance.py:1087} INFO - Executing <Task(BashOperator): get_name> on 2022-06-07T00:00:00+00:00
[2022-06-08 22:19:02,878] {standard_task_runner.py:52} INFO - Started process 1997 to run task
[2022-06-08 22:19:02,895] {standard_task_runner.py:76} INFO - Running: ['***', 'tasks', 'run', 'say_hi', 'get_name', '2022-06-07T00:00:00+00:00', '--job-id', '49', '--pool', 'default_pool', '--raw', '--subdir', 'DAGS_FOLDER/username.py', '--cfg-path', '/tmp/tmph9b6jhxa', '--error-file', '/tmp/tmpn3y58fzw']
[2022-06-08 22:19:02,900] {standard_task_runner.py:77} INFO - Job 49: Subtask get_name
[2022-06-08 22:19:03,091] {logging_mixin.py:104} INFO - Running <TaskInstance: say_hi.get_name 2022-06-07T00:00:00+00:00 [running]> on host 69873a4b1233
[2022-06-08 22:19:03,179] {taskinstance.py:1282} INFO - Exporting the following env vars:
AIRFLOW_CTX_DAG_OWNER=***
AIRFLOW_CTX_DAG_ID=say_hi
AIRFLOW_CTX_TASK_ID=get_name
AIRFLOW_CTX_EXECUTION_DATE=2022-06-07T00:00:00+00:00
AIRFLOW_CTX_DAG_RUN_ID=scheduled__2022-06-07T00:00:00+00:00
[2022-06-08 22:19:03,180] {subprocess.py:52} INFO - Tmp dir root location: 
 /tmp
[2022-06-08 22:19:03,182] {subprocess.py:63} INFO - Running command: ['bash', '-c', 'echo Alma > /opt/***/dags/username.txt']
[2022-06-08 22:19:03,205] {subprocess.py:75} INFO - Output:
[2022-06-08 22:19:03,217] {subprocess.py:83} INFO - Command exited with return code 0
[2022-06-08 22:19:03,319] {taskinstance.py:1191} INFO - Marking task as SUCCESS. dag_id=say_hi, task_id=get_name, execution_date=20220607T000000, start_date=20220608T221902, end_date=20220608T221903
[2022-06-08 22:19:03,423] {taskinstance.py:1245} INFO - 2 downstream tasks scheduled from follow-on schedule check
[2022-06-08 22:19:03,480] {local_task_job.py:151} INFO - Task exited with return code 0
