[2022-06-08 22:34:36,000] {taskinstance.py:876} INFO - Dependencies all met for <TaskInstance: say_hi.polite_task 2022-06-08T22:27:45.849607+00:00 [queued]>
[2022-06-08 22:34:36,029] {taskinstance.py:876} INFO - Dependencies all met for <TaskInstance: say_hi.polite_task 2022-06-08T22:27:45.849607+00:00 [queued]>
[2022-06-08 22:34:36,030] {taskinstance.py:1067} INFO - 
--------------------------------------------------------------------------------
[2022-06-08 22:34:36,030] {taskinstance.py:1068} INFO - Starting attempt 1 of 2
[2022-06-08 22:34:36,033] {taskinstance.py:1069} INFO - 
--------------------------------------------------------------------------------
[2022-06-08 22:34:36,057] {taskinstance.py:1087} INFO - Executing <Task(BashOperator): polite_task> on 2022-06-08T22:27:45.849607+00:00
[2022-06-08 22:34:36,065] {standard_task_runner.py:52} INFO - Started process 2917 to run task
[2022-06-08 22:34:36,111] {standard_task_runner.py:76} INFO - Running: ['***', 'tasks', 'run', 'say_hi', 'polite_task', '2022-06-08T22:27:45.849607+00:00', '--job-id', '64', '--pool', 'default_pool', '--raw', '--subdir', 'DAGS_FOLDER/username.py', '--cfg-path', '/tmp/tmp6cbkux6i', '--error-file', '/tmp/tmpbt6l9_vi']
[2022-06-08 22:34:36,112] {standard_task_runner.py:77} INFO - Job 64: Subtask polite_task
[2022-06-08 22:34:36,249] {logging_mixin.py:104} INFO - Running <TaskInstance: say_hi.polite_task 2022-06-08T22:27:45.849607+00:00 [running]> on host 69873a4b1233
[2022-06-08 22:34:36,403] {taskinstance.py:1282} INFO - Exporting the following env vars:
AIRFLOW_CTX_DAG_OWNER=***
AIRFLOW_CTX_DAG_ID=say_hi
AIRFLOW_CTX_TASK_ID=polite_task
AIRFLOW_CTX_EXECUTION_DATE=2022-06-08T22:27:45.849607+00:00
AIRFLOW_CTX_DAG_RUN_ID=manual__2022-06-08T22:27:45.849607+00:00
[2022-06-08 22:34:36,404] {subprocess.py:52} INFO - Tmp dir root location: 
 /tmp
[2022-06-08 22:34:36,405] {subprocess.py:63} INFO - Running command: ['bash', '-c', 'echo nice to see you']
[2022-06-08 22:34:36,422] {subprocess.py:75} INFO - Output:
[2022-06-08 22:34:36,426] {subprocess.py:79} INFO - nice to see you
[2022-06-08 22:34:36,427] {subprocess.py:83} INFO - Command exited with return code 0
[2022-06-08 22:34:36,485] {taskinstance.py:1191} INFO - Marking task as SUCCESS. dag_id=say_hi, task_id=polite_task, execution_date=20220608T222745, start_date=20220608T223436, end_date=20220608T223436
[2022-06-08 22:34:36,538] {taskinstance.py:1245} INFO - 0 downstream tasks scheduled from follow-on schedule check
[2022-06-08 22:34:36,552] {local_task_job.py:151} INFO - Task exited with return code 0
