[2022-06-08 22:24:19,577] {taskinstance.py:876} INFO - Dependencies all met for <TaskInstance: say_hi.greeting_task 2022-06-08T22:19:12.263127+00:00 [queued]>
[2022-06-08 22:24:19,595] {taskinstance.py:876} INFO - Dependencies all met for <TaskInstance: say_hi.greeting_task 2022-06-08T22:19:12.263127+00:00 [queued]>
[2022-06-08 22:24:19,595] {taskinstance.py:1067} INFO - 
--------------------------------------------------------------------------------
[2022-06-08 22:24:19,595] {taskinstance.py:1068} INFO - Starting attempt 2 of 2
[2022-06-08 22:24:19,597] {taskinstance.py:1069} INFO - 
--------------------------------------------------------------------------------
[2022-06-08 22:24:19,606] {taskinstance.py:1087} INFO - Executing <Task(PythonOperator): greeting_task> on 2022-06-08T22:19:12.263127+00:00
[2022-06-08 22:24:19,612] {standard_task_runner.py:52} INFO - Started process 2307 to run task
[2022-06-08 22:24:19,615] {standard_task_runner.py:76} INFO - Running: ['***', 'tasks', 'run', 'say_hi', 'greeting_task', '2022-06-08T22:19:12.263127+00:00', '--job-id', '58', '--pool', 'default_pool', '--raw', '--subdir', 'DAGS_FOLDER/username.py', '--cfg-path', '/tmp/tmpltm66et3', '--error-file', '/tmp/tmpwjhgd3t_']
[2022-06-08 22:24:19,616] {standard_task_runner.py:77} INFO - Job 58: Subtask greeting_task
[2022-06-08 22:24:19,655] {logging_mixin.py:104} INFO - Running <TaskInstance: say_hi.greeting_task 2022-06-08T22:19:12.263127+00:00 [running]> on host 69873a4b1233
[2022-06-08 22:24:19,708] {taskinstance.py:1282} INFO - Exporting the following env vars:
AIRFLOW_CTX_DAG_OWNER=***
AIRFLOW_CTX_DAG_ID=say_hi
AIRFLOW_CTX_TASK_ID=greeting_task
AIRFLOW_CTX_EXECUTION_DATE=2022-06-08T22:19:12.263127+00:00
AIRFLOW_CTX_DAG_RUN_ID=manual__2022-06-08T22:19:12.263127+00:00
[2022-06-08 22:24:19,709] {logging_mixin.py:104} INFO - hello, Alma
!
[2022-06-08 22:24:19,709] {python.py:151} INFO - Done. Returned value was: None
[2022-06-08 22:24:19,719] {taskinstance.py:1191} INFO - Marking task as SUCCESS. dag_id=say_hi, task_id=greeting_task, execution_date=20220608T221912, start_date=20220608T222419, end_date=20220608T222419
[2022-06-08 22:24:19,744] {taskinstance.py:1245} INFO - 0 downstream tasks scheduled from follow-on schedule check
[2022-06-08 22:24:19,786] {local_task_job.py:151} INFO - Task exited with return code 0
