[2022-06-08 22:39:11,680] {taskinstance.py:876} INFO - Dependencies all met for <TaskInstance: say_hi.get_name_task 2022-06-08T22:39:10.279205+00:00 [queued]>
[2022-06-08 22:39:11,707] {taskinstance.py:876} INFO - Dependencies all met for <TaskInstance: say_hi.get_name_task 2022-06-08T22:39:10.279205+00:00 [queued]>
[2022-06-08 22:39:11,708] {taskinstance.py:1067} INFO - 
--------------------------------------------------------------------------------
[2022-06-08 22:39:11,708] {taskinstance.py:1068} INFO - Starting attempt 1 of 2
[2022-06-08 22:39:11,712] {taskinstance.py:1069} INFO - 
--------------------------------------------------------------------------------
[2022-06-08 22:39:11,723] {taskinstance.py:1087} INFO - Executing <Task(BashOperator): get_name_task> on 2022-06-08T22:39:10.279205+00:00
[2022-06-08 22:39:11,731] {standard_task_runner.py:52} INFO - Started process 3173 to run task
[2022-06-08 22:39:11,736] {standard_task_runner.py:76} INFO - Running: ['***', 'tasks', 'run', 'say_hi', 'get_name_task', '2022-06-08T22:39:10.279205+00:00', '--job-id', '68', '--pool', 'default_pool', '--raw', '--subdir', 'DAGS_FOLDER/username.py', '--cfg-path', '/tmp/tmptzzkic_t', '--error-file', '/tmp/tmp5loht6br']
[2022-06-08 22:39:11,737] {standard_task_runner.py:77} INFO - Job 68: Subtask get_name_task
[2022-06-08 22:39:11,848] {logging_mixin.py:104} INFO - Running <TaskInstance: say_hi.get_name_task 2022-06-08T22:39:10.279205+00:00 [running]> on host 69873a4b1233
[2022-06-08 22:39:11,924] {taskinstance.py:1282} INFO - Exporting the following env vars:
AIRFLOW_CTX_DAG_OWNER=***
AIRFLOW_CTX_DAG_ID=say_hi
AIRFLOW_CTX_TASK_ID=get_name_task
AIRFLOW_CTX_EXECUTION_DATE=2022-06-08T22:39:10.279205+00:00
AIRFLOW_CTX_DAG_RUN_ID=manual__2022-06-08T22:39:10.279205+00:00
[2022-06-08 22:39:11,925] {subprocess.py:52} INFO - Tmp dir root location: 
 /tmp
[2022-06-08 22:39:11,926] {subprocess.py:63} INFO - Running command: ['bash', '-c', 'echo Alma > /opt/***/dags/username.txt']
[2022-06-08 22:39:11,935] {subprocess.py:75} INFO - Output:
[2022-06-08 22:39:11,938] {subprocess.py:83} INFO - Command exited with return code 0
[2022-06-08 22:39:11,976] {taskinstance.py:1191} INFO - Marking task as SUCCESS. dag_id=say_hi, task_id=get_name_task, execution_date=20220608T223910, start_date=20220608T223911, end_date=20220608T223911
[2022-06-08 22:39:12,035] {taskinstance.py:1245} INFO - 1 downstream tasks scheduled from follow-on schedule check
[2022-06-08 22:39:12,076] {local_task_job.py:151} INFO - Task exited with return code 0
