[2022-06-16 00:00:20,185] {taskinstance.py:1159} INFO - Dependencies all met for <TaskInstance: say_hi.team_1 scheduled__2022-06-15T00:00:00+00:00 [queued]>
[2022-06-16 00:00:20,326] {taskinstance.py:1159} INFO - Dependencies all met for <TaskInstance: say_hi.team_1 scheduled__2022-06-15T00:00:00+00:00 [queued]>
[2022-06-16 00:00:20,326] {taskinstance.py:1356} INFO - 
--------------------------------------------------------------------------------
[2022-06-16 00:00:20,327] {taskinstance.py:1357} INFO - Starting attempt 1 of 2
[2022-06-16 00:00:20,327] {taskinstance.py:1358} INFO - 
--------------------------------------------------------------------------------
[2022-06-16 00:00:20,581] {taskinstance.py:1377} INFO - Executing <Task(PythonOperator): team_1> on 2022-06-15 00:00:00+00:00
[2022-06-16 00:00:20,656] {standard_task_runner.py:52} INFO - Started process 2321 to run task
[2022-06-16 00:00:20,814] {standard_task_runner.py:79} INFO - Running: ['***', 'tasks', 'run', 'say_hi', 'team_1', 'scheduled__2022-06-15T00:00:00+00:00', '--job-id', '33', '--raw', '--subdir', 'DAGS_FOLDER/username.py', '--cfg-path', '/tmp/tmppw7ehm11', '--error-file', '/tmp/tmpnv8d33_d']
[2022-06-16 00:00:20,815] {standard_task_runner.py:80} INFO - Job 33: Subtask team_1
[2022-06-16 00:00:21,864] {task_command.py:370} INFO - Running <TaskInstance: say_hi.team_1 scheduled__2022-06-15T00:00:00+00:00 [running]> on host 6a14fd44e8dc
[2022-06-16 00:00:23,199] {taskinstance.py:1571} INFO - Exporting the following env vars:
AIRFLOW_CTX_DAG_OWNER=***
AIRFLOW_CTX_DAG_ID=say_hi
AIRFLOW_CTX_TASK_ID=team_1
AIRFLOW_CTX_EXECUTION_DATE=2022-06-15T00:00:00+00:00
AIRFLOW_CTX_TRY_NUMBER=1
AIRFLOW_CTX_DAG_RUN_ID=scheduled__2022-06-15T00:00:00+00:00
[2022-06-16 00:00:23,212] {logging_mixin.py:115} INFO - Scunthorpe
[2022-06-16 00:00:23,218] {python.py:173} INFO - Done. Returned value was: None
[2022-06-16 00:00:23,530] {taskinstance.py:1400} INFO - Marking task as SUCCESS. dag_id=say_hi, task_id=team_1, execution_date=20220615T000000, start_date=20220616T000020, end_date=20220616T000023
[2022-06-16 00:00:23,756] {local_task_job.py:156} INFO - Task exited with return code 0
[2022-06-16 00:00:24,253] {local_task_job.py:273} INFO - 0 downstream tasks scheduled from follow-on schedule check
