[2022-06-15 22:29:03,811] {taskinstance.py:876} INFO - Dependencies all met for <TaskInstance: say_hi.polite_task 2022-06-14T00:00:00+00:00 [queued]>
[2022-06-15 22:29:03,885] {taskinstance.py:876} INFO - Dependencies all met for <TaskInstance: say_hi.polite_task 2022-06-14T00:00:00+00:00 [queued]>
[2022-06-15 22:29:03,887] {taskinstance.py:1067} INFO - 
--------------------------------------------------------------------------------
[2022-06-15 22:29:03,887] {taskinstance.py:1068} INFO - Starting attempt 1 of 2
[2022-06-15 22:29:03,897] {taskinstance.py:1069} INFO - 
--------------------------------------------------------------------------------
[2022-06-15 22:29:03,973] {taskinstance.py:1087} INFO - Executing <Task(BashOperator): polite_task> on 2022-06-14T00:00:00+00:00
[2022-06-15 22:29:03,991] {standard_task_runner.py:52} INFO - Started process 300 to run task
[2022-06-15 22:29:04,006] {standard_task_runner.py:76} INFO - Running: ['***', 'tasks', 'run', 'say_hi', 'polite_task', '2022-06-14T00:00:00+00:00', '--job-id', '8', '--pool', 'default_pool', '--raw', '--subdir', 'DAGS_FOLDER/username.py', '--cfg-path', '/tmp/tmp70kkh71f', '--error-file', '/tmp/tmpz0qfamt5']
[2022-06-15 22:29:04,007] {standard_task_runner.py:77} INFO - Job 8: Subtask polite_task
[2022-06-15 22:29:04,267] {logging_mixin.py:104} INFO - Running <TaskInstance: say_hi.polite_task 2022-06-14T00:00:00+00:00 [running]> on host c4c189ca1669
[2022-06-15 22:29:04,611] {taskinstance.py:1282} INFO - Exporting the following env vars:
AIRFLOW_CTX_DAG_OWNER=***
AIRFLOW_CTX_DAG_ID=say_hi
AIRFLOW_CTX_TASK_ID=polite_task
AIRFLOW_CTX_EXECUTION_DATE=2022-06-14T00:00:00+00:00
AIRFLOW_CTX_DAG_RUN_ID=scheduled__2022-06-14T00:00:00+00:00
[2022-06-15 22:29:04,612] {subprocess.py:52} INFO - Tmp dir root location: 
 /tmp
[2022-06-15 22:29:04,618] {subprocess.py:63} INFO - Running command: ['bash', '-c', 'echo nice to see you']
[2022-06-15 22:29:04,663] {subprocess.py:75} INFO - Output:
[2022-06-15 22:29:04,681] {subprocess.py:79} INFO - nice to see you
[2022-06-15 22:29:04,681] {subprocess.py:83} INFO - Command exited with return code 0
[2022-06-15 22:29:04,765] {taskinstance.py:1191} INFO - Marking task as SUCCESS. dag_id=say_hi, task_id=polite_task, execution_date=20220614T000000, start_date=20220615T222903, end_date=20220615T222904
[2022-06-15 22:29:04,925] {taskinstance.py:1245} INFO - 0 downstream tasks scheduled from follow-on schedule check
[2022-06-15 22:29:04,972] {local_task_job.py:151} INFO - Task exited with return code 0
