[2022-06-15 22:29:03,863] {taskinstance.py:876} INFO - Dependencies all met for <TaskInstance: say_hi.polite_task 2022-06-13T00:00:00+00:00 [queued]>
[2022-06-15 22:29:03,931] {taskinstance.py:876} INFO - Dependencies all met for <TaskInstance: say_hi.polite_task 2022-06-13T00:00:00+00:00 [queued]>
[2022-06-15 22:29:03,931] {taskinstance.py:1067} INFO - 
--------------------------------------------------------------------------------
[2022-06-15 22:29:03,931] {taskinstance.py:1068} INFO - Starting attempt 1 of 2
[2022-06-15 22:29:03,934] {taskinstance.py:1069} INFO - 
--------------------------------------------------------------------------------
[2022-06-15 22:29:03,993] {taskinstance.py:1087} INFO - Executing <Task(BashOperator): polite_task> on 2022-06-13T00:00:00+00:00
[2022-06-15 22:29:04,002] {standard_task_runner.py:52} INFO - Started process 301 to run task
[2022-06-15 22:29:04,011] {standard_task_runner.py:76} INFO - Running: ['***', 'tasks', 'run', 'say_hi', 'polite_task', '2022-06-13T00:00:00+00:00', '--job-id', '9', '--pool', 'default_pool', '--raw', '--subdir', 'DAGS_FOLDER/username.py', '--cfg-path', '/tmp/tmp_6ztb8c4', '--error-file', '/tmp/tmpdrb9a1tw']
[2022-06-15 22:29:04,011] {standard_task_runner.py:77} INFO - Job 9: Subtask polite_task
[2022-06-15 22:29:04,296] {logging_mixin.py:104} INFO - Running <TaskInstance: say_hi.polite_task 2022-06-13T00:00:00+00:00 [running]> on host c4c189ca1669
[2022-06-15 22:29:04,544] {taskinstance.py:1282} INFO - Exporting the following env vars:
AIRFLOW_CTX_DAG_OWNER=***
AIRFLOW_CTX_DAG_ID=say_hi
AIRFLOW_CTX_TASK_ID=polite_task
AIRFLOW_CTX_EXECUTION_DATE=2022-06-13T00:00:00+00:00
AIRFLOW_CTX_DAG_RUN_ID=scheduled__2022-06-13T00:00:00+00:00
[2022-06-15 22:29:04,545] {subprocess.py:52} INFO - Tmp dir root location: 
 /tmp
[2022-06-15 22:29:04,546] {subprocess.py:63} INFO - Running command: ['bash', '-c', 'echo nice to see you']
[2022-06-15 22:29:04,588] {subprocess.py:75} INFO - Output:
[2022-06-15 22:29:04,595] {subprocess.py:79} INFO - nice to see you
[2022-06-15 22:29:04,609] {subprocess.py:83} INFO - Command exited with return code 0
[2022-06-15 22:29:04,704] {taskinstance.py:1191} INFO - Marking task as SUCCESS. dag_id=say_hi, task_id=polite_task, execution_date=20220613T000000, start_date=20220615T222903, end_date=20220615T222904
[2022-06-15 22:29:04,779] {taskinstance.py:1245} INFO - 0 downstream tasks scheduled from follow-on schedule check
[2022-06-15 22:29:04,840] {local_task_job.py:151} INFO - Task exited with return code 0
