[2022-06-15 23:35:38,164] {taskinstance.py:1159} INFO - Dependencies all met for <TaskInstance: say_hi.greeting_task manual__2022-06-15T23:35:32.247470+00:00 [queued]>
[2022-06-15 23:35:38,205] {taskinstance.py:1159} INFO - Dependencies all met for <TaskInstance: say_hi.greeting_task manual__2022-06-15T23:35:32.247470+00:00 [queued]>
[2022-06-15 23:35:38,206] {taskinstance.py:1356} INFO - 
--------------------------------------------------------------------------------
[2022-06-15 23:35:38,206] {taskinstance.py:1357} INFO - Starting attempt 1 of 2
[2022-06-15 23:35:38,206] {taskinstance.py:1358} INFO - 
--------------------------------------------------------------------------------
[2022-06-15 23:35:38,304] {taskinstance.py:1377} INFO - Executing <Task(PythonOperator): greeting_task> on 2022-06-15 23:35:32.247470+00:00
[2022-06-15 23:35:38,322] {standard_task_runner.py:52} INFO - Started process 1443 to run task
[2022-06-15 23:35:38,345] {standard_task_runner.py:79} INFO - Running: ['***', 'tasks', 'run', 'say_hi', 'greeting_task', 'manual__2022-06-15T23:35:32.247470+00:00', '--job-id', '23', '--raw', '--subdir', 'DAGS_FOLDER/username.py', '--cfg-path', '/tmp/tmpajw6emuf', '--error-file', '/tmp/tmpv73va2e6']
[2022-06-15 23:35:38,345] {standard_task_runner.py:80} INFO - Job 23: Subtask greeting_task
[2022-06-15 23:35:38,544] {task_command.py:370} INFO - Running <TaskInstance: say_hi.greeting_task manual__2022-06-15T23:35:32.247470+00:00 [running]> on host 6a14fd44e8dc
[2022-06-15 23:35:38,888] {taskinstance.py:1571} INFO - Exporting the following env vars:
AIRFLOW_CTX_DAG_OWNER=***
AIRFLOW_CTX_DAG_ID=say_hi
AIRFLOW_CTX_TASK_ID=greeting_task
AIRFLOW_CTX_EXECUTION_DATE=2022-06-15T23:35:32.247470+00:00
AIRFLOW_CTX_TRY_NUMBER=1
AIRFLOW_CTX_DAG_RUN_ID=manual__2022-06-15T23:35:32.247470+00:00
[2022-06-15 23:35:38,889] {logging_mixin.py:115} INFO - hello, Alma
!
[2022-06-15 23:35:38,889] {python.py:173} INFO - Done. Returned value was: None
[2022-06-15 23:35:38,950] {taskinstance.py:1400} INFO - Marking task as SUCCESS. dag_id=say_hi, task_id=greeting_task, execution_date=20220615T233532, start_date=20220615T233538, end_date=20220615T233538
[2022-06-15 23:35:39,022] {local_task_job.py:156} INFO - Task exited with return code 0
[2022-06-15 23:35:39,210] {local_task_job.py:273} INFO - 1 downstream tasks scheduled from follow-on schedule check
