[2022-06-15 23:35:41,633] {taskinstance.py:1159} INFO - Dependencies all met for <TaskInstance: say_hi.get_teams_task manual__2022-06-15T23:35:32.247470+00:00 [queued]>
[2022-06-15 23:35:41,672] {taskinstance.py:1159} INFO - Dependencies all met for <TaskInstance: say_hi.get_teams_task manual__2022-06-15T23:35:32.247470+00:00 [queued]>
[2022-06-15 23:35:41,672] {taskinstance.py:1356} INFO - 
--------------------------------------------------------------------------------
[2022-06-15 23:35:41,673] {taskinstance.py:1357} INFO - Starting attempt 1 of 2
[2022-06-15 23:35:41,673] {taskinstance.py:1358} INFO - 
--------------------------------------------------------------------------------
[2022-06-15 23:35:41,754] {taskinstance.py:1377} INFO - Executing <Task(BashOperator): get_teams_task> on 2022-06-15 23:35:32.247470+00:00
[2022-06-15 23:35:41,773] {standard_task_runner.py:52} INFO - Started process 1445 to run task
[2022-06-15 23:35:41,781] {standard_task_runner.py:79} INFO - Running: ['***', 'tasks', 'run', 'say_hi', 'get_teams_task', 'manual__2022-06-15T23:35:32.247470+00:00', '--job-id', '24', '--raw', '--subdir', 'DAGS_FOLDER/username.py', '--cfg-path', '/tmp/tmpfls7tgor', '--error-file', '/tmp/tmpgxpyacie']
[2022-06-15 23:35:41,782] {standard_task_runner.py:80} INFO - Job 24: Subtask get_teams_task
[2022-06-15 23:35:42,090] {task_command.py:370} INFO - Running <TaskInstance: say_hi.get_teams_task manual__2022-06-15T23:35:32.247470+00:00 [running]> on host 6a14fd44e8dc
[2022-06-15 23:35:42,444] {taskinstance.py:1571} INFO - Exporting the following env vars:
AIRFLOW_CTX_DAG_OWNER=***
AIRFLOW_CTX_DAG_ID=say_hi
AIRFLOW_CTX_TASK_ID=get_teams_task
AIRFLOW_CTX_EXECUTION_DATE=2022-06-15T23:35:32.247470+00:00
AIRFLOW_CTX_TRY_NUMBER=1
AIRFLOW_CTX_DAG_RUN_ID=manual__2022-06-15T23:35:32.247470+00:00
[2022-06-15 23:35:42,469] {subprocess.py:62} INFO - Tmp dir root location: 
 /tmp
[2022-06-15 23:35:42,470] {subprocess.py:74} INFO - Running command: ['bash', '-c', 'echo "getting three random teams"']
[2022-06-15 23:35:42,535] {subprocess.py:85} INFO - Output:
[2022-06-15 23:35:42,548] {subprocess.py:92} INFO - getting three random teams
[2022-06-15 23:35:42,549] {subprocess.py:96} INFO - Command exited with return code 0
[2022-06-15 23:35:42,693] {taskinstance.py:1400} INFO - Marking task as SUCCESS. dag_id=say_hi, task_id=get_teams_task, execution_date=20220615T233532, start_date=20220615T233541, end_date=20220615T233542
[2022-06-15 23:35:42,789] {local_task_job.py:156} INFO - Task exited with return code 0
[2022-06-15 23:35:43,043] {local_task_job.py:273} INFO - 3 downstream tasks scheduled from follow-on schedule check
