[2022-06-16 00:59:46,185] {taskinstance.py:1159} INFO - Dependencies all met for <TaskInstance: code_review_ch6.apple_2 scheduled__2022-06-14T00:00:00+00:00 [queued]>
[2022-06-16 00:59:46,266] {taskinstance.py:1159} INFO - Dependencies all met for <TaskInstance: code_review_ch6.apple_2 scheduled__2022-06-14T00:00:00+00:00 [queued]>
[2022-06-16 00:59:46,269] {taskinstance.py:1356} INFO - 
--------------------------------------------------------------------------------
[2022-06-16 00:59:46,269] {taskinstance.py:1357} INFO - Starting attempt 1 of 2
[2022-06-16 00:59:46,270] {taskinstance.py:1358} INFO - 
--------------------------------------------------------------------------------
[2022-06-16 00:59:46,411] {taskinstance.py:1377} INFO - Executing <Task(PythonOperator): apple_2> on 2022-06-14 00:00:00+00:00
[2022-06-16 00:59:46,440] {standard_task_runner.py:52} INFO - Started process 4830 to run task
[2022-06-16 00:59:46,458] {standard_task_runner.py:79} INFO - Running: ['***', 'tasks', 'run', 'code_review_ch6', 'apple_2', 'scheduled__2022-06-14T00:00:00+00:00', '--job-id', '61', '--raw', '--subdir', 'DAGS_FOLDER/ch6_code_review.py', '--cfg-path', '/tmp/tmp6ciskjna', '--error-file', '/tmp/tmp824o6rnz']
[2022-06-16 00:59:46,459] {standard_task_runner.py:80} INFO - Job 61: Subtask apple_2
[2022-06-16 00:59:47,176] {task_command.py:370} INFO - Running <TaskInstance: code_review_ch6.apple_2 scheduled__2022-06-14T00:00:00+00:00 [running]> on host 6a14fd44e8dc
[2022-06-16 00:59:48,086] {taskinstance.py:1571} INFO - Exporting the following env vars:
AIRFLOW_CTX_DAG_OWNER=***
AIRFLOW_CTX_DAG_ID=code_review_ch6
AIRFLOW_CTX_TASK_ID=apple_2
AIRFLOW_CTX_EXECUTION_DATE=2022-06-14T00:00:00+00:00
AIRFLOW_CTX_TRY_NUMBER=1
AIRFLOW_CTX_DAG_RUN_ID=scheduled__2022-06-14T00:00:00+00:00
[2022-06-16 00:59:48,087] {logging_mixin.py:115} INFO - red delicious
[2022-06-16 00:59:48,087] {python.py:173} INFO - Done. Returned value was: None
[2022-06-16 00:59:48,246] {taskinstance.py:1400} INFO - Marking task as SUCCESS. dag_id=code_review_ch6, task_id=apple_2, execution_date=20220614T000000, start_date=20220616T005946, end_date=20220616T005948
[2022-06-16 00:59:48,468] {local_task_job.py:156} INFO - Task exited with return code 0
[2022-06-16 00:59:49,424] {local_task_job.py:273} INFO - 0 downstream tasks scheduled from follow-on schedule check
