[2022-06-16 00:00:08,679] {taskinstance.py:1159} INFO - Dependencies all met for <TaskInstance: say_hi.greeting_task scheduled__2022-06-15T00:00:00+00:00 [queued]>
[2022-06-16 00:00:08,760] {taskinstance.py:1159} INFO - Dependencies all met for <TaskInstance: say_hi.greeting_task scheduled__2022-06-15T00:00:00+00:00 [queued]>
[2022-06-16 00:00:08,762] {taskinstance.py:1356} INFO - 
--------------------------------------------------------------------------------
[2022-06-16 00:00:08,771] {taskinstance.py:1357} INFO - Starting attempt 1 of 2
[2022-06-16 00:00:08,771] {taskinstance.py:1358} INFO - 
--------------------------------------------------------------------------------
[2022-06-16 00:00:08,927] {taskinstance.py:1377} INFO - Executing <Task(PythonOperator): greeting_task> on 2022-06-15 00:00:00+00:00
[2022-06-16 00:00:08,968] {standard_task_runner.py:52} INFO - Started process 2303 to run task
[2022-06-16 00:00:08,981] {standard_task_runner.py:79} INFO - Running: ['***', 'tasks', 'run', 'say_hi', 'greeting_task', 'scheduled__2022-06-15T00:00:00+00:00', '--job-id', '29', '--raw', '--subdir', 'DAGS_FOLDER/username.py', '--cfg-path', '/tmp/tmpo1xkggeq', '--error-file', '/tmp/tmpb4oiiwa1']
[2022-06-16 00:00:09,001] {standard_task_runner.py:80} INFO - Job 29: Subtask greeting_task
[2022-06-16 00:00:09,333] {task_command.py:370} INFO - Running <TaskInstance: say_hi.greeting_task scheduled__2022-06-15T00:00:00+00:00 [running]> on host 6a14fd44e8dc
[2022-06-16 00:00:09,751] {taskinstance.py:1571} INFO - Exporting the following env vars:
AIRFLOW_CTX_DAG_OWNER=***
AIRFLOW_CTX_DAG_ID=say_hi
AIRFLOW_CTX_TASK_ID=greeting_task
AIRFLOW_CTX_EXECUTION_DATE=2022-06-15T00:00:00+00:00
AIRFLOW_CTX_TRY_NUMBER=1
AIRFLOW_CTX_DAG_RUN_ID=scheduled__2022-06-15T00:00:00+00:00
[2022-06-16 00:00:09,754] {logging_mixin.py:115} INFO - hello, Alma
!
[2022-06-16 00:00:09,754] {python.py:173} INFO - Done. Returned value was: None
[2022-06-16 00:00:09,835] {taskinstance.py:1400} INFO - Marking task as SUCCESS. dag_id=say_hi, task_id=greeting_task, execution_date=20220615T000000, start_date=20220616T000008, end_date=20220616T000009
[2022-06-16 00:00:09,928] {local_task_job.py:156} INFO - Task exited with return code 0
[2022-06-16 00:00:10,227] {local_task_job.py:273} INFO - 1 downstream tasks scheduled from follow-on schedule check
