[2022-06-15 23:35:35,029] {taskinstance.py:1159} INFO - Dependencies all met for <TaskInstance: say_hi.get_name_task manual__2022-06-15T23:35:32.247470+00:00 [queued]>
[2022-06-15 23:35:35,073] {taskinstance.py:1159} INFO - Dependencies all met for <TaskInstance: say_hi.get_name_task manual__2022-06-15T23:35:32.247470+00:00 [queued]>
[2022-06-15 23:35:35,074] {taskinstance.py:1356} INFO - 
--------------------------------------------------------------------------------
[2022-06-15 23:35:35,075] {taskinstance.py:1357} INFO - Starting attempt 1 of 2
[2022-06-15 23:35:35,075] {taskinstance.py:1358} INFO - 
--------------------------------------------------------------------------------
[2022-06-15 23:35:35,161] {taskinstance.py:1377} INFO - Executing <Task(BashOperator): get_name_task> on 2022-06-15 23:35:32.247470+00:00
[2022-06-15 23:35:35,177] {standard_task_runner.py:52} INFO - Started process 1440 to run task
[2022-06-15 23:35:35,190] {standard_task_runner.py:79} INFO - Running: ['***', 'tasks', 'run', 'say_hi', 'get_name_task', 'manual__2022-06-15T23:35:32.247470+00:00', '--job-id', '22', '--raw', '--subdir', 'DAGS_FOLDER/username.py', '--cfg-path', '/tmp/tmp7equhzo4', '--error-file', '/tmp/tmptliqurez']
[2022-06-15 23:35:35,191] {standard_task_runner.py:80} INFO - Job 22: Subtask get_name_task
[2022-06-15 23:35:35,402] {task_command.py:370} INFO - Running <TaskInstance: say_hi.get_name_task manual__2022-06-15T23:35:32.247470+00:00 [running]> on host 6a14fd44e8dc
[2022-06-15 23:35:35,783] {taskinstance.py:1571} INFO - Exporting the following env vars:
AIRFLOW_CTX_DAG_OWNER=***
AIRFLOW_CTX_DAG_ID=say_hi
AIRFLOW_CTX_TASK_ID=get_name_task
AIRFLOW_CTX_EXECUTION_DATE=2022-06-15T23:35:32.247470+00:00
AIRFLOW_CTX_TRY_NUMBER=1
AIRFLOW_CTX_DAG_RUN_ID=manual__2022-06-15T23:35:32.247470+00:00
[2022-06-15 23:35:35,786] {subprocess.py:62} INFO - Tmp dir root location: 
 /tmp
[2022-06-15 23:35:35,787] {subprocess.py:74} INFO - Running command: ['bash', '-c', 'echo Alma > /opt/***/dags/username.txt']
[2022-06-15 23:35:35,832] {subprocess.py:85} INFO - Output:
[2022-06-15 23:35:35,842] {subprocess.py:96} INFO - Command exited with return code 0
[2022-06-15 23:35:36,002] {taskinstance.py:1400} INFO - Marking task as SUCCESS. dag_id=say_hi, task_id=get_name_task, execution_date=20220615T233532, start_date=20220615T233535, end_date=20220615T233536
[2022-06-15 23:35:36,072] {local_task_job.py:156} INFO - Task exited with return code 0
[2022-06-15 23:35:36,282] {local_task_job.py:273} INFO - 1 downstream tasks scheduled from follow-on schedule check
