[2022-06-16 00:15:45,660] {taskinstance.py:1159} INFO - Dependencies all met for <TaskInstance: say_hi.get_teams_task manual__2022-06-16T00:15:39.976018+00:00 [queued]>
[2022-06-16 00:15:45,677] {taskinstance.py:1159} INFO - Dependencies all met for <TaskInstance: say_hi.get_teams_task manual__2022-06-16T00:15:39.976018+00:00 [queued]>
[2022-06-16 00:15:45,677] {taskinstance.py:1356} INFO - 
--------------------------------------------------------------------------------
[2022-06-16 00:15:45,677] {taskinstance.py:1357} INFO - Starting attempt 1 of 2
[2022-06-16 00:15:45,677] {taskinstance.py:1358} INFO - 
--------------------------------------------------------------------------------
[2022-06-16 00:15:45,717] {taskinstance.py:1377} INFO - Executing <Task(BashOperator): get_teams_task> on 2022-06-16 00:15:39.976018+00:00
[2022-06-16 00:15:45,723] {standard_task_runner.py:52} INFO - Started process 2895 to run task
[2022-06-16 00:15:45,728] {standard_task_runner.py:79} INFO - Running: ['***', 'tasks', 'run', 'say_hi', 'get_teams_task', 'manual__2022-06-16T00:15:39.976018+00:00', '--job-id', '42', '--raw', '--subdir', 'DAGS_FOLDER/username.py', '--cfg-path', '/tmp/tmpdhxnv6fb', '--error-file', '/tmp/tmp8wksk_dh']
[2022-06-16 00:15:45,729] {standard_task_runner.py:80} INFO - Job 42: Subtask get_teams_task
[2022-06-16 00:15:45,864] {task_command.py:370} INFO - Running <TaskInstance: say_hi.get_teams_task manual__2022-06-16T00:15:39.976018+00:00 [running]> on host 6a14fd44e8dc
[2022-06-16 00:15:46,150] {taskinstance.py:1571} INFO - Exporting the following env vars:
AIRFLOW_CTX_DAG_OWNER=***
AIRFLOW_CTX_DAG_ID=say_hi
AIRFLOW_CTX_TASK_ID=get_teams_task
AIRFLOW_CTX_EXECUTION_DATE=2022-06-16T00:15:39.976018+00:00
AIRFLOW_CTX_TRY_NUMBER=1
AIRFLOW_CTX_DAG_RUN_ID=manual__2022-06-16T00:15:39.976018+00:00
[2022-06-16 00:15:46,152] {subprocess.py:62} INFO - Tmp dir root location: 
 /tmp
[2022-06-16 00:15:46,153] {subprocess.py:74} INFO - Running command: ['bash', '-c', 'echo "getting three random teams"']
[2022-06-16 00:15:46,172] {subprocess.py:85} INFO - Output:
[2022-06-16 00:15:46,178] {subprocess.py:92} INFO - getting three random teams
[2022-06-16 00:15:46,179] {subprocess.py:96} INFO - Command exited with return code 0
[2022-06-16 00:15:46,280] {taskinstance.py:1400} INFO - Marking task as SUCCESS. dag_id=say_hi, task_id=get_teams_task, execution_date=20220616T001539, start_date=20220616T001545, end_date=20220616T001546
[2022-06-16 00:15:46,348] {local_task_job.py:156} INFO - Task exited with return code 0
[2022-06-16 00:15:46,481] {local_task_job.py:273} INFO - 3 downstream tasks scheduled from follow-on schedule check
