[2022-06-08 22:09:08,673] {taskinstance.py:876} INFO - Dependencies all met for <TaskInstance: hello.date_task 2022-06-08T22:09:05.941954+00:00 [queued]>
[2022-06-08 22:09:08,704] {taskinstance.py:876} INFO - Dependencies all met for <TaskInstance: hello.date_task 2022-06-08T22:09:05.941954+00:00 [queued]>
[2022-06-08 22:09:08,705] {taskinstance.py:1067} INFO - 
--------------------------------------------------------------------------------
[2022-06-08 22:09:08,705] {taskinstance.py:1068} INFO - Starting attempt 1 of 2
[2022-06-08 22:09:08,708] {taskinstance.py:1069} INFO - 
--------------------------------------------------------------------------------
[2022-06-08 22:09:08,723] {taskinstance.py:1087} INFO - Executing <Task(PythonOperator): date_task> on 2022-06-08T22:09:05.941954+00:00
[2022-06-08 22:09:08,733] {standard_task_runner.py:52} INFO - Started process 1498 to run task
[2022-06-08 22:09:08,738] {standard_task_runner.py:76} INFO - Running: ['***', 'tasks', 'run', 'hello', 'date_task', '2022-06-08T22:09:05.941954+00:00', '--job-id', '47', '--pool', 'default_pool', '--raw', '--subdir', 'DAGS_FOLDER/username.py', '--cfg-path', '/tmp/tmpvcdel3qu', '--error-file', '/tmp/tmpmrfaw5fn']
[2022-06-08 22:09:08,739] {standard_task_runner.py:77} INFO - Job 47: Subtask date_task
[2022-06-08 22:09:08,872] {logging_mixin.py:104} INFO - Running <TaskInstance: hello.date_task 2022-06-08T22:09:05.941954+00:00 [running]> on host 69873a4b1233
[2022-06-08 22:09:08,997] {taskinstance.py:1282} INFO - Exporting the following env vars:
AIRFLOW_CTX_DAG_OWNER=***
AIRFLOW_CTX_DAG_ID=hello
AIRFLOW_CTX_TASK_ID=date_task
AIRFLOW_CTX_EXECUTION_DATE=2022-06-08T22:09:05.941954+00:00
AIRFLOW_CTX_DAG_RUN_ID=manual__2022-06-08T22:09:05.941954+00:00
[2022-06-08 22:09:08,999] {logging_mixin.py:104} INFO - 2022-06-08 22:09:08.998888
[2022-06-08 22:09:09,000] {python.py:151} INFO - Done. Returned value was: None
[2022-06-08 22:09:09,020] {taskinstance.py:1191} INFO - Marking task as SUCCESS. dag_id=hello, task_id=date_task, execution_date=20220608T220905, start_date=20220608T220908, end_date=20220608T220909
[2022-06-08 22:09:09,081] {taskinstance.py:1245} INFO - 0 downstream tasks scheduled from follow-on schedule check
[2022-06-08 22:09:09,112] {local_task_job.py:151} INFO - Task exited with return code 0
