[2022-06-15 23:31:05,832] {taskinstance.py:1159} INFO - Dependencies all met for <TaskInstance: say_hi.get_name_task manual__2022-06-15T23:31:03.385307+00:00 [queued]>
[2022-06-15 23:31:05,869] {taskinstance.py:1159} INFO - Dependencies all met for <TaskInstance: say_hi.get_name_task manual__2022-06-15T23:31:03.385307+00:00 [queued]>
[2022-06-15 23:31:05,870] {taskinstance.py:1356} INFO - 
--------------------------------------------------------------------------------
[2022-06-15 23:31:05,870] {taskinstance.py:1357} INFO - Starting attempt 1 of 2
[2022-06-15 23:31:05,870] {taskinstance.py:1358} INFO - 
--------------------------------------------------------------------------------
[2022-06-15 23:31:05,916] {taskinstance.py:1377} INFO - Executing <Task(BashOperator): get_name_task> on 2022-06-15 23:31:03.385307+00:00
[2022-06-15 23:31:05,922] {standard_task_runner.py:52} INFO - Started process 1255 to run task
[2022-06-15 23:31:05,929] {standard_task_runner.py:79} INFO - Running: ['***', 'tasks', 'run', 'say_hi', 'get_name_task', 'manual__2022-06-15T23:31:03.385307+00:00', '--job-id', '13', '--raw', '--subdir', 'DAGS_FOLDER/username.py', '--cfg-path', '/tmp/tmpmdv_yhfu', '--error-file', '/tmp/tmp_v_ry81s']
[2022-06-15 23:31:05,929] {standard_task_runner.py:80} INFO - Job 13: Subtask get_name_task
[2022-06-15 23:31:06,020] {task_command.py:370} INFO - Running <TaskInstance: say_hi.get_name_task manual__2022-06-15T23:31:03.385307+00:00 [running]> on host 6a14fd44e8dc
[2022-06-15 23:31:06,242] {taskinstance.py:1571} INFO - Exporting the following env vars:
AIRFLOW_CTX_DAG_OWNER=***
AIRFLOW_CTX_DAG_ID=say_hi
AIRFLOW_CTX_TASK_ID=get_name_task
AIRFLOW_CTX_EXECUTION_DATE=2022-06-15T23:31:03.385307+00:00
AIRFLOW_CTX_TRY_NUMBER=1
AIRFLOW_CTX_DAG_RUN_ID=manual__2022-06-15T23:31:03.385307+00:00
[2022-06-15 23:31:06,245] {subprocess.py:62} INFO - Tmp dir root location: 
 /tmp
[2022-06-15 23:31:06,248] {subprocess.py:74} INFO - Running command: ['bash', '-c', 'echo Alma > /opt/***/dags/username.txt']
[2022-06-15 23:31:06,305] {subprocess.py:85} INFO - Output:
[2022-06-15 23:31:06,308] {subprocess.py:96} INFO - Command exited with return code 0
[2022-06-15 23:31:06,409] {taskinstance.py:1400} INFO - Marking task as SUCCESS. dag_id=say_hi, task_id=get_name_task, execution_date=20220615T233103, start_date=20220615T233105, end_date=20220615T233106
[2022-06-15 23:31:06,465] {local_task_job.py:156} INFO - Task exited with return code 0
[2022-06-15 23:31:06,544] {local_task_job.py:273} INFO - 1 downstream tasks scheduled from follow-on schedule check
