[2022-06-08 22:19:14,985] {taskinstance.py:876} INFO - Dependencies all met for <TaskInstance: say_hi.get_name 2022-06-08T22:19:12.263127+00:00 [queued]>
[2022-06-08 22:19:15,095] {taskinstance.py:876} INFO - Dependencies all met for <TaskInstance: say_hi.get_name 2022-06-08T22:19:12.263127+00:00 [queued]>
[2022-06-08 22:19:15,095] {taskinstance.py:1067} INFO - 
--------------------------------------------------------------------------------
[2022-06-08 22:19:15,095] {taskinstance.py:1068} INFO - Starting attempt 1 of 2
[2022-06-08 22:19:15,106] {taskinstance.py:1069} INFO - 
--------------------------------------------------------------------------------
[2022-06-08 22:19:15,151] {taskinstance.py:1087} INFO - Executing <Task(BashOperator): get_name> on 2022-06-08T22:19:12.263127+00:00
[2022-06-08 22:19:15,193] {standard_task_runner.py:52} INFO - Started process 2018 to run task
[2022-06-08 22:19:15,221] {standard_task_runner.py:76} INFO - Running: ['***', 'tasks', 'run', 'say_hi', 'get_name', '2022-06-08T22:19:12.263127+00:00', '--job-id', '52', '--pool', 'default_pool', '--raw', '--subdir', 'DAGS_FOLDER/username.py', '--cfg-path', '/tmp/tmp242x48gx', '--error-file', '/tmp/tmp503u6j86']
[2022-06-08 22:19:15,227] {standard_task_runner.py:77} INFO - Job 52: Subtask get_name
[2022-06-08 22:19:15,466] {logging_mixin.py:104} INFO - Running <TaskInstance: say_hi.get_name 2022-06-08T22:19:12.263127+00:00 [running]> on host 69873a4b1233
[2022-06-08 22:19:15,795] {taskinstance.py:1282} INFO - Exporting the following env vars:
AIRFLOW_CTX_DAG_OWNER=***
AIRFLOW_CTX_DAG_ID=say_hi
AIRFLOW_CTX_TASK_ID=get_name
AIRFLOW_CTX_EXECUTION_DATE=2022-06-08T22:19:12.263127+00:00
AIRFLOW_CTX_DAG_RUN_ID=manual__2022-06-08T22:19:12.263127+00:00
[2022-06-08 22:19:15,796] {subprocess.py:52} INFO - Tmp dir root location: 
 /tmp
[2022-06-08 22:19:15,797] {subprocess.py:63} INFO - Running command: ['bash', '-c', 'echo Alma > /opt/***/dags/username.txt']
[2022-06-08 22:19:15,823] {subprocess.py:75} INFO - Output:
[2022-06-08 22:19:15,834] {subprocess.py:83} INFO - Command exited with return code 0
[2022-06-08 22:19:15,924] {taskinstance.py:1191} INFO - Marking task as SUCCESS. dag_id=say_hi, task_id=get_name, execution_date=20220608T221912, start_date=20220608T221914, end_date=20220608T221915
[2022-06-08 22:19:16,078] {taskinstance.py:1245} INFO - 2 downstream tasks scheduled from follow-on schedule check
[2022-06-08 22:19:16,102] {local_task_job.py:151} INFO - Task exited with return code 0
