[2022-06-16 00:15:48,322] {taskinstance.py:1159} INFO - Dependencies all met for <TaskInstance: say_hi.team_1 manual__2022-06-16T00:15:39.976018+00:00 [queued]>
[2022-06-16 00:15:48,354] {taskinstance.py:1159} INFO - Dependencies all met for <TaskInstance: say_hi.team_1 manual__2022-06-16T00:15:39.976018+00:00 [queued]>
[2022-06-16 00:15:48,355] {taskinstance.py:1356} INFO - 
--------------------------------------------------------------------------------
[2022-06-16 00:15:48,355] {taskinstance.py:1357} INFO - Starting attempt 1 of 2
[2022-06-16 00:15:48,355] {taskinstance.py:1358} INFO - 
--------------------------------------------------------------------------------
[2022-06-16 00:15:48,389] {taskinstance.py:1377} INFO - Executing <Task(PythonOperator): team_1> on 2022-06-16 00:15:39.976018+00:00
[2022-06-16 00:15:48,402] {standard_task_runner.py:79} INFO - Running: ['***', 'tasks', 'run', 'say_hi', 'team_1', 'manual__2022-06-16T00:15:39.976018+00:00', '--job-id', '45', '--raw', '--subdir', 'DAGS_FOLDER/username.py', '--cfg-path', '/tmp/tmp7mr6g500', '--error-file', '/tmp/tmphy3ix7am']
[2022-06-16 00:15:48,402] {standard_task_runner.py:80} INFO - Job 45: Subtask team_1
[2022-06-16 00:15:48,396] {standard_task_runner.py:52} INFO - Started process 2902 to run task
[2022-06-16 00:15:48,517] {task_command.py:370} INFO - Running <TaskInstance: say_hi.team_1 manual__2022-06-16T00:15:39.976018+00:00 [running]> on host 6a14fd44e8dc
[2022-06-16 00:15:48,789] {taskinstance.py:1571} INFO - Exporting the following env vars:
AIRFLOW_CTX_DAG_OWNER=***
AIRFLOW_CTX_DAG_ID=say_hi
AIRFLOW_CTX_TASK_ID=team_1
AIRFLOW_CTX_EXECUTION_DATE=2022-06-16T00:15:39.976018+00:00
AIRFLOW_CTX_TRY_NUMBER=1
AIRFLOW_CTX_DAG_RUN_ID=manual__2022-06-16T00:15:39.976018+00:00
[2022-06-16 00:15:48,790] {logging_mixin.py:115} INFO - Arsenal
[2022-06-16 00:15:48,790] {python.py:173} INFO - Done. Returned value was: None
[2022-06-16 00:15:48,933] {taskinstance.py:1400} INFO - Marking task as SUCCESS. dag_id=say_hi, task_id=team_1, execution_date=20220616T001539, start_date=20220616T001548, end_date=20220616T001548
[2022-06-16 00:15:49,067] {local_task_job.py:156} INFO - Task exited with return code 0
[2022-06-16 00:15:49,288] {local_task_job.py:273} INFO - 1 downstream tasks scheduled from follow-on schedule check
