[2022-06-15 23:35:47,336] {taskinstance.py:1159} INFO - Dependencies all met for <TaskInstance: say_hi.team_0 manual__2022-06-15T23:35:32.247470+00:00 [queued]>
[2022-06-15 23:35:47,442] {taskinstance.py:1159} INFO - Dependencies all met for <TaskInstance: say_hi.team_0 manual__2022-06-15T23:35:32.247470+00:00 [queued]>
[2022-06-15 23:35:47,442] {taskinstance.py:1356} INFO - 
--------------------------------------------------------------------------------
[2022-06-15 23:35:47,442] {taskinstance.py:1357} INFO - Starting attempt 1 of 2
[2022-06-15 23:35:47,442] {taskinstance.py:1358} INFO - 
--------------------------------------------------------------------------------
[2022-06-15 23:35:47,572] {taskinstance.py:1377} INFO - Executing <Task(PythonOperator): team_0> on 2022-06-15 23:35:32.247470+00:00
[2022-06-15 23:35:47,605] {standard_task_runner.py:52} INFO - Started process 1460 to run task
[2022-06-15 23:35:47,621] {standard_task_runner.py:79} INFO - Running: ['***', 'tasks', 'run', 'say_hi', 'team_0', 'manual__2022-06-15T23:35:32.247470+00:00', '--job-id', '25', '--raw', '--subdir', 'DAGS_FOLDER/username.py', '--cfg-path', '/tmp/tmpgdo3mtqn', '--error-file', '/tmp/tmpkufrqq45']
[2022-06-15 23:35:47,630] {standard_task_runner.py:80} INFO - Job 25: Subtask team_0
[2022-06-15 23:35:48,317] {task_command.py:370} INFO - Running <TaskInstance: say_hi.team_0 manual__2022-06-15T23:35:32.247470+00:00 [running]> on host 6a14fd44e8dc
[2022-06-15 23:35:49,493] {taskinstance.py:1571} INFO - Exporting the following env vars:
AIRFLOW_CTX_DAG_OWNER=***
AIRFLOW_CTX_DAG_ID=say_hi
AIRFLOW_CTX_TASK_ID=team_0
AIRFLOW_CTX_EXECUTION_DATE=2022-06-15T23:35:32.247470+00:00
AIRFLOW_CTX_TRY_NUMBER=1
AIRFLOW_CTX_DAG_RUN_ID=manual__2022-06-15T23:35:32.247470+00:00
[2022-06-15 23:35:49,494] {logging_mixin.py:115} INFO - Porto
[2022-06-15 23:35:49,495] {python.py:173} INFO - Done. Returned value was: None
[2022-06-15 23:35:49,688] {taskinstance.py:1400} INFO - Marking task as SUCCESS. dag_id=say_hi, task_id=team_0, execution_date=20220615T233532, start_date=20220615T233547, end_date=20220615T233549
[2022-06-15 23:35:49,900] {local_task_job.py:156} INFO - Task exited with return code 0
[2022-06-15 23:35:50,248] {local_task_job.py:273} INFO - 1 downstream tasks scheduled from follow-on schedule check
