[2022-06-16 00:59:41,947] {taskinstance.py:1159} INFO - Dependencies all met for <TaskInstance: code_review_ch6.get_apples_task scheduled__2022-06-15T00:00:00+00:00 [queued]>
[2022-06-16 00:59:42,008] {taskinstance.py:1159} INFO - Dependencies all met for <TaskInstance: code_review_ch6.get_apples_task scheduled__2022-06-15T00:00:00+00:00 [queued]>
[2022-06-16 00:59:42,008] {taskinstance.py:1356} INFO - 
--------------------------------------------------------------------------------
[2022-06-16 00:59:42,008] {taskinstance.py:1357} INFO - Starting attempt 1 of 2
[2022-06-16 00:59:42,008] {taskinstance.py:1358} INFO - 
--------------------------------------------------------------------------------
[2022-06-16 00:59:42,079] {taskinstance.py:1377} INFO - Executing <Task(BashOperator): get_apples_task> on 2022-06-15 00:00:00+00:00
[2022-06-16 00:59:42,085] {standard_task_runner.py:52} INFO - Started process 4812 to run task
[2022-06-16 00:59:42,096] {standard_task_runner.py:79} INFO - Running: ['***', 'tasks', 'run', 'code_review_ch6', 'get_apples_task', 'scheduled__2022-06-15T00:00:00+00:00', '--job-id', '52', '--raw', '--subdir', 'DAGS_FOLDER/ch6_code_review.py', '--cfg-path', '/tmp/tmpmy5_7mr8', '--error-file', '/tmp/tmpuofjs7b7']
[2022-06-16 00:59:42,096] {standard_task_runner.py:80} INFO - Job 52: Subtask get_apples_task
[2022-06-16 00:59:42,297] {task_command.py:370} INFO - Running <TaskInstance: code_review_ch6.get_apples_task scheduled__2022-06-15T00:00:00+00:00 [running]> on host 6a14fd44e8dc
[2022-06-16 00:59:42,497] {taskinstance.py:1571} INFO - Exporting the following env vars:
AIRFLOW_CTX_DAG_OWNER=***
AIRFLOW_CTX_DAG_ID=code_review_ch6
AIRFLOW_CTX_TASK_ID=get_apples_task
AIRFLOW_CTX_EXECUTION_DATE=2022-06-15T00:00:00+00:00
AIRFLOW_CTX_TRY_NUMBER=1
AIRFLOW_CTX_DAG_RUN_ID=scheduled__2022-06-15T00:00:00+00:00
[2022-06-16 00:59:42,498] {subprocess.py:62} INFO - Tmp dir root location: 
 /tmp
[2022-06-16 00:59:42,499] {subprocess.py:74} INFO - Running command: ['bash', '-c', 'echo "getting three random apples"']
[2022-06-16 00:59:42,515] {subprocess.py:85} INFO - Output:
[2022-06-16 00:59:42,519] {subprocess.py:92} INFO - getting three random apples
[2022-06-16 00:59:42,520] {subprocess.py:96} INFO - Command exited with return code 0
[2022-06-16 00:59:42,606] {taskinstance.py:1400} INFO - Marking task as SUCCESS. dag_id=code_review_ch6, task_id=get_apples_task, execution_date=20220615T000000, start_date=20220616T005941, end_date=20220616T005942
[2022-06-16 00:59:42,684] {local_task_job.py:156} INFO - Task exited with return code 0
[2022-06-16 00:59:42,942] {local_task_job.py:273} INFO - 3 downstream tasks scheduled from follow-on schedule check
