[2022-06-16 00:59:40,334] {taskinstance.py:1159} INFO - Dependencies all met for <TaskInstance: code_review_ch6.greeting_task manual__2022-06-16T00:59:32.962717+00:00 [queued]>
[2022-06-16 00:59:40,371] {taskinstance.py:1159} INFO - Dependencies all met for <TaskInstance: code_review_ch6.greeting_task manual__2022-06-16T00:59:32.962717+00:00 [queued]>
[2022-06-16 00:59:40,371] {taskinstance.py:1356} INFO - 
--------------------------------------------------------------------------------
[2022-06-16 00:59:40,372] {taskinstance.py:1357} INFO - Starting attempt 1 of 2
[2022-06-16 00:59:40,372] {taskinstance.py:1358} INFO - 
--------------------------------------------------------------------------------
[2022-06-16 00:59:40,419] {taskinstance.py:1377} INFO - Executing <Task(PythonOperator): greeting_task> on 2022-06-16 00:59:32.962717+00:00
[2022-06-16 00:59:40,426] {standard_task_runner.py:52} INFO - Started process 4806 to run task
[2022-06-16 00:59:40,433] {standard_task_runner.py:79} INFO - Running: ['***', 'tasks', 'run', 'code_review_ch6', 'greeting_task', 'manual__2022-06-16T00:59:32.962717+00:00', '--job-id', '51', '--raw', '--subdir', 'DAGS_FOLDER/ch6_code_review.py', '--cfg-path', '/tmp/tmpchb8pkht', '--error-file', '/tmp/tmp5bgtkk88']
[2022-06-16 00:59:40,433] {standard_task_runner.py:80} INFO - Job 51: Subtask greeting_task
[2022-06-16 00:59:40,532] {task_command.py:370} INFO - Running <TaskInstance: code_review_ch6.greeting_task manual__2022-06-16T00:59:32.962717+00:00 [running]> on host 6a14fd44e8dc
[2022-06-16 00:59:40,848] {taskinstance.py:1571} INFO - Exporting the following env vars:
AIRFLOW_CTX_DAG_OWNER=***
AIRFLOW_CTX_DAG_ID=code_review_ch6
AIRFLOW_CTX_TASK_ID=greeting_task
AIRFLOW_CTX_EXECUTION_DATE=2022-06-16T00:59:32.962717+00:00
AIRFLOW_CTX_TRY_NUMBER=1
AIRFLOW_CTX_DAG_RUN_ID=manual__2022-06-16T00:59:32.962717+00:00
[2022-06-16 00:59:40,849] {logging_mixin.py:115} INFO - hello, Alma
!
[2022-06-16 00:59:40,849] {python.py:173} INFO - Done. Returned value was: None
[2022-06-16 00:59:40,897] {taskinstance.py:1400} INFO - Marking task as SUCCESS. dag_id=code_review_ch6, task_id=greeting_task, execution_date=20220616T005932, start_date=20220616T005940, end_date=20220616T005940
[2022-06-16 00:59:40,936] {local_task_job.py:156} INFO - Task exited with return code 0
[2022-06-16 00:59:41,076] {local_task_job.py:273} INFO - 0 downstream tasks scheduled from follow-on schedule check
