[2022-06-08 21:48:34,247] {taskinstance.py:876} INFO - Dependencies all met for <TaskInstance: hello.date_task 2022-06-06T00:00:00+00:00 [queued]>
[2022-06-08 21:48:34,321] {taskinstance.py:876} INFO - Dependencies all met for <TaskInstance: hello.date_task 2022-06-06T00:00:00+00:00 [queued]>
[2022-06-08 21:48:34,322] {taskinstance.py:1067} INFO - 
--------------------------------------------------------------------------------
[2022-06-08 21:48:34,322] {taskinstance.py:1068} INFO - Starting attempt 1 of 2
[2022-06-08 21:48:34,328] {taskinstance.py:1069} INFO - 
--------------------------------------------------------------------------------
[2022-06-08 21:48:34,349] {taskinstance.py:1087} INFO - Executing <Task(PythonOperator): date_task> on 2022-06-06T00:00:00+00:00
[2022-06-08 21:48:34,364] {standard_task_runner.py:52} INFO - Started process 325 to run task
[2022-06-08 21:48:34,382] {standard_task_runner.py:76} INFO - Running: ['***', 'tasks', 'run', 'hello', 'date_task', '2022-06-06T00:00:00+00:00', '--job-id', '39', '--pool', 'default_pool', '--raw', '--subdir', 'DAGS_FOLDER/username.py', '--cfg-path', '/tmp/tmpkgi78zyy', '--error-file', '/tmp/tmpr1cd5qh9']
[2022-06-08 21:48:34,383] {standard_task_runner.py:77} INFO - Job 39: Subtask date_task
[2022-06-08 21:48:34,507] {logging_mixin.py:104} INFO - Running <TaskInstance: hello.date_task 2022-06-06T00:00:00+00:00 [running]> on host 69873a4b1233
[2022-06-08 21:48:34,612] {taskinstance.py:1282} INFO - Exporting the following env vars:
AIRFLOW_CTX_DAG_OWNER=***
AIRFLOW_CTX_DAG_ID=hello
AIRFLOW_CTX_TASK_ID=date_task
AIRFLOW_CTX_EXECUTION_DATE=2022-06-06T00:00:00+00:00
AIRFLOW_CTX_DAG_RUN_ID=scheduled__2022-06-06T00:00:00+00:00
[2022-06-08 21:48:34,614] {logging_mixin.py:104} INFO - 2022-06-08 21:48:34.614004
[2022-06-08 21:48:34,614] {python.py:151} INFO - Done. Returned value was: None
[2022-06-08 21:48:34,634] {taskinstance.py:1191} INFO - Marking task as SUCCESS. dag_id=hello, task_id=date_task, execution_date=20220606T000000, start_date=20220608T214834, end_date=20220608T214834
[2022-06-08 21:48:34,691] {taskinstance.py:1245} INFO - 0 downstream tasks scheduled from follow-on schedule check
[2022-06-08 21:48:34,702] {local_task_job.py:151} INFO - Task exited with return code 0
