[2022-06-16 00:59:41,989] {taskinstance.py:1159} INFO - Dependencies all met for <TaskInstance: code_review_ch6.get_apples_task manual__2022-06-16T00:59:32.962717+00:00 [queued]>
[2022-06-16 00:59:42,021] {taskinstance.py:1159} INFO - Dependencies all met for <TaskInstance: code_review_ch6.get_apples_task manual__2022-06-16T00:59:32.962717+00:00 [queued]>
[2022-06-16 00:59:42,021] {taskinstance.py:1356} INFO - 
--------------------------------------------------------------------------------
[2022-06-16 00:59:42,021] {taskinstance.py:1357} INFO - Starting attempt 1 of 2
[2022-06-16 00:59:42,021] {taskinstance.py:1358} INFO - 
--------------------------------------------------------------------------------
[2022-06-16 00:59:42,066] {taskinstance.py:1377} INFO - Executing <Task(BashOperator): get_apples_task> on 2022-06-16 00:59:32.962717+00:00
[2022-06-16 00:59:42,072] {standard_task_runner.py:52} INFO - Started process 4811 to run task
[2022-06-16 00:59:42,095] {standard_task_runner.py:79} INFO - Running: ['***', 'tasks', 'run', 'code_review_ch6', 'get_apples_task', 'manual__2022-06-16T00:59:32.962717+00:00', '--job-id', '53', '--raw', '--subdir', 'DAGS_FOLDER/ch6_code_review.py', '--cfg-path', '/tmp/tmpko9tbieo', '--error-file', '/tmp/tmpsobgh041']
[2022-06-16 00:59:42,096] {standard_task_runner.py:80} INFO - Job 53: Subtask get_apples_task
[2022-06-16 00:59:42,206] {task_command.py:370} INFO - Running <TaskInstance: code_review_ch6.get_apples_task manual__2022-06-16T00:59:32.962717+00:00 [running]> on host 6a14fd44e8dc
[2022-06-16 00:59:42,429] {taskinstance.py:1571} INFO - Exporting the following env vars:
AIRFLOW_CTX_DAG_OWNER=***
AIRFLOW_CTX_DAG_ID=code_review_ch6
AIRFLOW_CTX_TASK_ID=get_apples_task
AIRFLOW_CTX_EXECUTION_DATE=2022-06-16T00:59:32.962717+00:00
AIRFLOW_CTX_TRY_NUMBER=1
AIRFLOW_CTX_DAG_RUN_ID=manual__2022-06-16T00:59:32.962717+00:00
[2022-06-16 00:59:42,431] {subprocess.py:62} INFO - Tmp dir root location: 
 /tmp
[2022-06-16 00:59:42,432] {subprocess.py:74} INFO - Running command: ['bash', '-c', 'echo "getting three random apples"']
[2022-06-16 00:59:42,459] {subprocess.py:85} INFO - Output:
[2022-06-16 00:59:42,463] {subprocess.py:92} INFO - getting three random apples
[2022-06-16 00:59:42,464] {subprocess.py:96} INFO - Command exited with return code 0
[2022-06-16 00:59:42,542] {taskinstance.py:1400} INFO - Marking task as SUCCESS. dag_id=code_review_ch6, task_id=get_apples_task, execution_date=20220616T005932, start_date=20220616T005941, end_date=20220616T005942
[2022-06-16 00:59:42,596] {local_task_job.py:156} INFO - Task exited with return code 0
[2022-06-16 00:59:42,780] {local_task_job.py:273} INFO - 3 downstream tasks scheduled from follow-on schedule check
