[2022-06-08 22:09:07,217] {taskinstance.py:876} INFO - Dependencies all met for <TaskInstance: hello.get_name 2022-06-08T22:09:05.941954+00:00 [queued]>
[2022-06-08 22:09:07,247] {taskinstance.py:876} INFO - Dependencies all met for <TaskInstance: hello.get_name 2022-06-08T22:09:05.941954+00:00 [queued]>
[2022-06-08 22:09:07,248] {taskinstance.py:1067} INFO - 
--------------------------------------------------------------------------------
[2022-06-08 22:09:07,248] {taskinstance.py:1068} INFO - Starting attempt 1 of 2
[2022-06-08 22:09:07,252] {taskinstance.py:1069} INFO - 
--------------------------------------------------------------------------------
[2022-06-08 22:09:07,262] {taskinstance.py:1087} INFO - Executing <Task(BashOperator): get_name> on 2022-06-08T22:09:05.941954+00:00
[2022-06-08 22:09:07,269] {standard_task_runner.py:52} INFO - Started process 1495 to run task
[2022-06-08 22:09:07,273] {standard_task_runner.py:76} INFO - Running: ['***', 'tasks', 'run', 'hello', 'get_name', '2022-06-08T22:09:05.941954+00:00', '--job-id', '46', '--pool', 'default_pool', '--raw', '--subdir', 'DAGS_FOLDER/username.py', '--cfg-path', '/tmp/tmp8450fm4m', '--error-file', '/tmp/tmp6i01073s']
[2022-06-08 22:09:07,274] {standard_task_runner.py:77} INFO - Job 46: Subtask get_name
[2022-06-08 22:09:07,372] {logging_mixin.py:104} INFO - Running <TaskInstance: hello.get_name 2022-06-08T22:09:05.941954+00:00 [running]> on host 69873a4b1233
[2022-06-08 22:09:07,481] {taskinstance.py:1282} INFO - Exporting the following env vars:
AIRFLOW_CTX_DAG_OWNER=***
AIRFLOW_CTX_DAG_ID=hello
AIRFLOW_CTX_TASK_ID=get_name
AIRFLOW_CTX_EXECUTION_DATE=2022-06-08T22:09:05.941954+00:00
AIRFLOW_CTX_DAG_RUN_ID=manual__2022-06-08T22:09:05.941954+00:00
[2022-06-08 22:09:07,482] {subprocess.py:52} INFO - Tmp dir root location: 
 /tmp
[2022-06-08 22:09:07,484] {subprocess.py:63} INFO - Running command: ['bash', '-c', 'echo Alma > /opt/***/dags/username.txt']
[2022-06-08 22:09:07,494] {subprocess.py:75} INFO - Output:
[2022-06-08 22:09:07,498] {subprocess.py:83} INFO - Command exited with return code 0
[2022-06-08 22:09:07,528] {taskinstance.py:1191} INFO - Marking task as SUCCESS. dag_id=hello, task_id=get_name, execution_date=20220608T220905, start_date=20220608T220907, end_date=20220608T220907
[2022-06-08 22:09:07,633] {taskinstance.py:1245} INFO - 2 downstream tasks scheduled from follow-on schedule check
[2022-06-08 22:09:07,646] {local_task_job.py:151} INFO - Task exited with return code 0
