[2022-06-16 00:00:19,822] {taskinstance.py:1159} INFO - Dependencies all met for <TaskInstance: say_hi.team_0 scheduled__2022-06-15T00:00:00+00:00 [queued]>
[2022-06-16 00:00:19,904] {taskinstance.py:1159} INFO - Dependencies all met for <TaskInstance: say_hi.team_0 scheduled__2022-06-15T00:00:00+00:00 [queued]>
[2022-06-16 00:00:19,904] {taskinstance.py:1356} INFO - 
--------------------------------------------------------------------------------
[2022-06-16 00:00:19,905] {taskinstance.py:1357} INFO - Starting attempt 1 of 2
[2022-06-16 00:00:19,905] {taskinstance.py:1358} INFO - 
--------------------------------------------------------------------------------
[2022-06-16 00:00:20,109] {taskinstance.py:1377} INFO - Executing <Task(PythonOperator): team_0> on 2022-06-15 00:00:00+00:00
[2022-06-16 00:00:20,169] {standard_task_runner.py:52} INFO - Started process 2320 to run task
[2022-06-16 00:00:20,199] {standard_task_runner.py:79} INFO - Running: ['***', 'tasks', 'run', 'say_hi', 'team_0', 'scheduled__2022-06-15T00:00:00+00:00', '--job-id', '32', '--raw', '--subdir', 'DAGS_FOLDER/username.py', '--cfg-path', '/tmp/tmp1v7qoq2r', '--error-file', '/tmp/tmpdtimfmfr']
[2022-06-16 00:00:20,226] {standard_task_runner.py:80} INFO - Job 32: Subtask team_0
[2022-06-16 00:00:21,140] {task_command.py:370} INFO - Running <TaskInstance: say_hi.team_0 scheduled__2022-06-15T00:00:00+00:00 [running]> on host 6a14fd44e8dc
[2022-06-16 00:00:22,913] {taskinstance.py:1571} INFO - Exporting the following env vars:
AIRFLOW_CTX_DAG_OWNER=***
AIRFLOW_CTX_DAG_ID=say_hi
AIRFLOW_CTX_TASK_ID=team_0
AIRFLOW_CTX_EXECUTION_DATE=2022-06-15T00:00:00+00:00
AIRFLOW_CTX_TRY_NUMBER=1
AIRFLOW_CTX_DAG_RUN_ID=scheduled__2022-06-15T00:00:00+00:00
[2022-06-16 00:00:22,914] {logging_mixin.py:115} INFO - Scunthorpe
[2022-06-16 00:00:22,915] {python.py:173} INFO - Done. Returned value was: None
[2022-06-16 00:00:23,232] {taskinstance.py:1400} INFO - Marking task as SUCCESS. dag_id=say_hi, task_id=team_0, execution_date=20220615T000000, start_date=20220616T000019, end_date=20220616T000023
[2022-06-16 00:00:23,420] {local_task_job.py:156} INFO - Task exited with return code 0
[2022-06-16 00:00:23,872] {local_task_job.py:273} INFO - 1 downstream tasks scheduled from follow-on schedule check
