[2022-06-16 00:15:48,107] {taskinstance.py:1159} INFO - Dependencies all met for <TaskInstance: say_hi.team_2 manual__2022-06-16T00:15:39.976018+00:00 [queued]>
[2022-06-16 00:15:48,132] {taskinstance.py:1159} INFO - Dependencies all met for <TaskInstance: say_hi.team_2 manual__2022-06-16T00:15:39.976018+00:00 [queued]>
[2022-06-16 00:15:48,132] {taskinstance.py:1356} INFO - 
--------------------------------------------------------------------------------
[2022-06-16 00:15:48,132] {taskinstance.py:1357} INFO - Starting attempt 1 of 2
[2022-06-16 00:15:48,132] {taskinstance.py:1358} INFO - 
--------------------------------------------------------------------------------
[2022-06-16 00:15:48,183] {taskinstance.py:1377} INFO - Executing <Task(PythonOperator): team_2> on 2022-06-16 00:15:39.976018+00:00
[2022-06-16 00:15:48,202] {standard_task_runner.py:52} INFO - Started process 2900 to run task
[2022-06-16 00:15:48,207] {standard_task_runner.py:79} INFO - Running: ['***', 'tasks', 'run', 'say_hi', 'team_2', 'manual__2022-06-16T00:15:39.976018+00:00', '--job-id', '43', '--raw', '--subdir', 'DAGS_FOLDER/username.py', '--cfg-path', '/tmp/tmpf5k6t4dv', '--error-file', '/tmp/tmp6ok5aspc']
[2022-06-16 00:15:48,207] {standard_task_runner.py:80} INFO - Job 43: Subtask team_2
[2022-06-16 00:15:48,402] {task_command.py:370} INFO - Running <TaskInstance: say_hi.team_2 manual__2022-06-16T00:15:39.976018+00:00 [running]> on host 6a14fd44e8dc
[2022-06-16 00:15:48,582] {taskinstance.py:1571} INFO - Exporting the following env vars:
AIRFLOW_CTX_DAG_OWNER=***
AIRFLOW_CTX_DAG_ID=say_hi
AIRFLOW_CTX_TASK_ID=team_2
AIRFLOW_CTX_EXECUTION_DATE=2022-06-16T00:15:39.976018+00:00
AIRFLOW_CTX_TRY_NUMBER=1
AIRFLOW_CTX_DAG_RUN_ID=manual__2022-06-16T00:15:39.976018+00:00
[2022-06-16 00:15:48,583] {logging_mixin.py:115} INFO - Benfica
[2022-06-16 00:15:48,583] {python.py:173} INFO - Done. Returned value was: None
[2022-06-16 00:15:48,666] {taskinstance.py:1400} INFO - Marking task as SUCCESS. dag_id=say_hi, task_id=team_2, execution_date=20220616T001539, start_date=20220616T001548, end_date=20220616T001548
[2022-06-16 00:15:48,719] {local_task_job.py:156} INFO - Task exited with return code 0
[2022-06-16 00:15:48,904] {local_task_job.py:273} INFO - 0 downstream tasks scheduled from follow-on schedule check
