[2022-06-16 00:59:40,310] {taskinstance.py:1159} INFO - Dependencies all met for <TaskInstance: code_review_ch6.greeting_task scheduled__2022-06-14T00:00:00+00:00 [queued]>
[2022-06-16 00:59:40,365] {taskinstance.py:1159} INFO - Dependencies all met for <TaskInstance: code_review_ch6.greeting_task scheduled__2022-06-14T00:00:00+00:00 [queued]>
[2022-06-16 00:59:40,365] {taskinstance.py:1356} INFO - 
--------------------------------------------------------------------------------
[2022-06-16 00:59:40,365] {taskinstance.py:1357} INFO - Starting attempt 1 of 2
[2022-06-16 00:59:40,365] {taskinstance.py:1358} INFO - 
--------------------------------------------------------------------------------
[2022-06-16 00:59:40,436] {taskinstance.py:1377} INFO - Executing <Task(PythonOperator): greeting_task> on 2022-06-14 00:00:00+00:00
[2022-06-16 00:59:40,443] {standard_task_runner.py:52} INFO - Started process 4807 to run task
[2022-06-16 00:59:40,452] {standard_task_runner.py:79} INFO - Running: ['***', 'tasks', 'run', 'code_review_ch6', 'greeting_task', 'scheduled__2022-06-14T00:00:00+00:00', '--job-id', '50', '--raw', '--subdir', 'DAGS_FOLDER/ch6_code_review.py', '--cfg-path', '/tmp/tmp2vcrhv7m', '--error-file', '/tmp/tmp_o2z_zxq']
[2022-06-16 00:59:40,452] {standard_task_runner.py:80} INFO - Job 50: Subtask greeting_task
[2022-06-16 00:59:40,587] {task_command.py:370} INFO - Running <TaskInstance: code_review_ch6.greeting_task scheduled__2022-06-14T00:00:00+00:00 [running]> on host 6a14fd44e8dc
[2022-06-16 00:59:40,897] {taskinstance.py:1571} INFO - Exporting the following env vars:
AIRFLOW_CTX_DAG_OWNER=***
AIRFLOW_CTX_DAG_ID=code_review_ch6
AIRFLOW_CTX_TASK_ID=greeting_task
AIRFLOW_CTX_EXECUTION_DATE=2022-06-14T00:00:00+00:00
AIRFLOW_CTX_TRY_NUMBER=1
AIRFLOW_CTX_DAG_RUN_ID=scheduled__2022-06-14T00:00:00+00:00
[2022-06-16 00:59:40,899] {logging_mixin.py:115} INFO - hello, Alma
!
[2022-06-16 00:59:40,900] {python.py:173} INFO - Done. Returned value was: None
[2022-06-16 00:59:41,027] {taskinstance.py:1400} INFO - Marking task as SUCCESS. dag_id=code_review_ch6, task_id=greeting_task, execution_date=20220614T000000, start_date=20220616T005940, end_date=20220616T005941
[2022-06-16 00:59:41,100] {local_task_job.py:156} INFO - Task exited with return code 0
[2022-06-16 00:59:41,238] {local_task_job.py:273} INFO - 1 downstream tasks scheduled from follow-on schedule check
