[2022-06-15 22:26:06,837] {scheduler_job.py:182} INFO - Started process (PID=73) to work on /home/airflow/.local/lib/python3.6/site-packages/airflow/example_dags/example_kubernetes_executor_config.py
[2022-06-15 22:26:06,838] {scheduler_job.py:633} INFO - Processing file /home/airflow/.local/lib/python3.6/site-packages/airflow/example_dags/example_kubernetes_executor_config.py for tasks to queue
[2022-06-15 22:26:06,839] {logging_mixin.py:104} INFO - [2022-06-15 22:26:06,839] {dagbag.py:487} INFO - Filling up the DagBag from /home/airflow/.local/lib/python3.6/site-packages/airflow/example_dags/example_kubernetes_executor_config.py
[2022-06-15 22:26:06,856] {scheduler_job.py:643} INFO - DAG(s) dict_keys(['example_kubernetes_executor_config']) retrieved from /home/airflow/.local/lib/python3.6/site-packages/airflow/example_dags/example_kubernetes_executor_config.py
[2022-06-15 22:26:09,635] {logging_mixin.py:104} INFO - [2022-06-15 22:26:09,633] {dag.py:1832} INFO - Sync 1 DAGs
[2022-06-15 22:26:09,649] {logging_mixin.py:104} INFO - [2022-06-15 22:26:09,648] {dag.py:1851} INFO - Creating ORM DAG for example_kubernetes_executor_config
[2022-06-15 22:26:09,655] {logging_mixin.py:104} INFO - [2022-06-15 22:26:09,654] {dag.py:2305} INFO - Setting next_dagrun for example_kubernetes_executor_config to None
[2022-06-15 22:26:09,670] {scheduler_job.py:190} INFO - Processing /home/airflow/.local/lib/python3.6/site-packages/airflow/example_dags/example_kubernetes_executor_config.py took 2.836 seconds
[2022-06-15 22:26:49,411] {scheduler_job.py:182} INFO - Started process (PID=171) to work on /home/airflow/.local/lib/python3.6/site-packages/airflow/example_dags/example_kubernetes_executor_config.py
[2022-06-15 22:26:49,413] {scheduler_job.py:633} INFO - Processing file /home/airflow/.local/lib/python3.6/site-packages/airflow/example_dags/example_kubernetes_executor_config.py for tasks to queue
[2022-06-15 22:26:49,414] {logging_mixin.py:104} INFO - [2022-06-15 22:26:49,414] {dagbag.py:487} INFO - Filling up the DagBag from /home/airflow/.local/lib/python3.6/site-packages/airflow/example_dags/example_kubernetes_executor_config.py
[2022-06-15 22:26:49,437] {scheduler_job.py:643} INFO - DAG(s) dict_keys(['example_kubernetes_executor_config']) retrieved from /home/airflow/.local/lib/python3.6/site-packages/airflow/example_dags/example_kubernetes_executor_config.py
[2022-06-15 22:26:49,481] {logging_mixin.py:104} INFO - [2022-06-15 22:26:49,481] {dag.py:1832} INFO - Sync 1 DAGs
[2022-06-15 22:26:49,503] {logging_mixin.py:104} INFO - [2022-06-15 22:26:49,503] {dag.py:2305} INFO - Setting next_dagrun for example_kubernetes_executor_config to None
[2022-06-15 22:26:49,524] {scheduler_job.py:190} INFO - Processing /home/airflow/.local/lib/python3.6/site-packages/airflow/example_dags/example_kubernetes_executor_config.py took 0.117 seconds
[2022-06-15 22:27:19,760] {scheduler_job.py:182} INFO - Started process (PID=229) to work on /home/airflow/.local/lib/python3.6/site-packages/airflow/example_dags/example_kubernetes_executor_config.py
[2022-06-15 22:27:19,762] {scheduler_job.py:633} INFO - Processing file /home/airflow/.local/lib/python3.6/site-packages/airflow/example_dags/example_kubernetes_executor_config.py for tasks to queue
[2022-06-15 22:27:19,763] {logging_mixin.py:104} INFO - [2022-06-15 22:27:19,763] {dagbag.py:487} INFO - Filling up the DagBag from /home/airflow/.local/lib/python3.6/site-packages/airflow/example_dags/example_kubernetes_executor_config.py
[2022-06-15 22:27:19,784] {scheduler_job.py:643} INFO - DAG(s) dict_keys(['example_kubernetes_executor_config']) retrieved from /home/airflow/.local/lib/python3.6/site-packages/airflow/example_dags/example_kubernetes_executor_config.py
[2022-06-15 22:27:19,831] {logging_mixin.py:104} INFO - [2022-06-15 22:27:19,830] {dag.py:1832} INFO - Sync 1 DAGs
[2022-06-15 22:27:19,856] {logging_mixin.py:104} INFO - [2022-06-15 22:27:19,855] {dag.py:2305} INFO - Setting next_dagrun for example_kubernetes_executor_config to None
[2022-06-15 22:27:19,870] {scheduler_job.py:190} INFO - Processing /home/airflow/.local/lib/python3.6/site-packages/airflow/example_dags/example_kubernetes_executor_config.py took 0.114 seconds
[2022-06-15 22:27:50,399] {scheduler_job.py:182} INFO - Started process (PID=294) to work on /home/airflow/.local/lib/python3.6/site-packages/airflow/example_dags/example_kubernetes_executor_config.py
[2022-06-15 22:27:50,400] {scheduler_job.py:633} INFO - Processing file /home/airflow/.local/lib/python3.6/site-packages/airflow/example_dags/example_kubernetes_executor_config.py for tasks to queue
[2022-06-15 22:27:50,401] {logging_mixin.py:104} INFO - [2022-06-15 22:27:50,401] {dagbag.py:487} INFO - Filling up the DagBag from /home/airflow/.local/lib/python3.6/site-packages/airflow/example_dags/example_kubernetes_executor_config.py
[2022-06-15 22:27:50,422] {scheduler_job.py:643} INFO - DAG(s) dict_keys(['example_kubernetes_executor_config']) retrieved from /home/airflow/.local/lib/python3.6/site-packages/airflow/example_dags/example_kubernetes_executor_config.py
[2022-06-15 22:27:50,465] {logging_mixin.py:104} INFO - [2022-06-15 22:27:50,465] {dag.py:1832} INFO - Sync 1 DAGs
[2022-06-15 22:27:50,487] {logging_mixin.py:104} INFO - [2022-06-15 22:27:50,487] {dag.py:2305} INFO - Setting next_dagrun for example_kubernetes_executor_config to None
[2022-06-15 22:27:50,504] {scheduler_job.py:190} INFO - Processing /home/airflow/.local/lib/python3.6/site-packages/airflow/example_dags/example_kubernetes_executor_config.py took 0.109 seconds
[2022-06-15 22:28:21,002] {scheduler_job.py:182} INFO - Started process (PID=356) to work on /home/airflow/.local/lib/python3.6/site-packages/airflow/example_dags/example_kubernetes_executor_config.py
[2022-06-15 22:28:21,003] {scheduler_job.py:633} INFO - Processing file /home/airflow/.local/lib/python3.6/site-packages/airflow/example_dags/example_kubernetes_executor_config.py for tasks to queue
[2022-06-15 22:28:21,004] {logging_mixin.py:104} INFO - [2022-06-15 22:28:21,004] {dagbag.py:487} INFO - Filling up the DagBag from /home/airflow/.local/lib/python3.6/site-packages/airflow/example_dags/example_kubernetes_executor_config.py
[2022-06-15 22:28:21,019] {scheduler_job.py:643} INFO - DAG(s) dict_keys(['example_kubernetes_executor_config']) retrieved from /home/airflow/.local/lib/python3.6/site-packages/airflow/example_dags/example_kubernetes_executor_config.py
[2022-06-15 22:28:21,050] {logging_mixin.py:104} INFO - [2022-06-15 22:28:21,050] {dag.py:1832} INFO - Sync 1 DAGs
[2022-06-15 22:28:21,071] {logging_mixin.py:104} INFO - [2022-06-15 22:28:21,071] {dag.py:2305} INFO - Setting next_dagrun for example_kubernetes_executor_config to None
[2022-06-15 22:28:21,088] {scheduler_job.py:190} INFO - Processing /home/airflow/.local/lib/python3.6/site-packages/airflow/example_dags/example_kubernetes_executor_config.py took 0.088 seconds
[2022-06-15 22:28:51,267] {scheduler_job.py:182} INFO - Started process (PID=414) to work on /home/airflow/.local/lib/python3.6/site-packages/airflow/example_dags/example_kubernetes_executor_config.py
[2022-06-15 22:28:51,269] {scheduler_job.py:633} INFO - Processing file /home/airflow/.local/lib/python3.6/site-packages/airflow/example_dags/example_kubernetes_executor_config.py for tasks to queue
[2022-06-15 22:28:51,270] {logging_mixin.py:104} INFO - [2022-06-15 22:28:51,270] {dagbag.py:487} INFO - Filling up the DagBag from /home/airflow/.local/lib/python3.6/site-packages/airflow/example_dags/example_kubernetes_executor_config.py
[2022-06-15 22:28:51,316] {scheduler_job.py:643} INFO - DAG(s) dict_keys(['example_kubernetes_executor_config']) retrieved from /home/airflow/.local/lib/python3.6/site-packages/airflow/example_dags/example_kubernetes_executor_config.py
[2022-06-15 22:28:51,409] {logging_mixin.py:104} INFO - [2022-06-15 22:28:51,409] {dag.py:1832} INFO - Sync 1 DAGs
[2022-06-15 22:28:51,473] {logging_mixin.py:104} INFO - [2022-06-15 22:28:51,472] {dag.py:2305} INFO - Setting next_dagrun for example_kubernetes_executor_config to None
[2022-06-15 22:28:51,493] {scheduler_job.py:190} INFO - Processing /home/airflow/.local/lib/python3.6/site-packages/airflow/example_dags/example_kubernetes_executor_config.py took 0.235 seconds
[2022-06-15 22:29:22,435] {scheduler_job.py:182} INFO - Started process (PID=483) to work on /home/airflow/.local/lib/python3.6/site-packages/airflow/example_dags/example_kubernetes_executor_config.py
[2022-06-15 22:29:22,436] {scheduler_job.py:633} INFO - Processing file /home/airflow/.local/lib/python3.6/site-packages/airflow/example_dags/example_kubernetes_executor_config.py for tasks to queue
[2022-06-15 22:29:22,437] {logging_mixin.py:104} INFO - [2022-06-15 22:29:22,437] {dagbag.py:487} INFO - Filling up the DagBag from /home/airflow/.local/lib/python3.6/site-packages/airflow/example_dags/example_kubernetes_executor_config.py
[2022-06-15 22:29:22,462] {scheduler_job.py:643} INFO - DAG(s) dict_keys(['example_kubernetes_executor_config']) retrieved from /home/airflow/.local/lib/python3.6/site-packages/airflow/example_dags/example_kubernetes_executor_config.py
[2022-06-15 22:29:22,498] {logging_mixin.py:104} INFO - [2022-06-15 22:29:22,498] {dag.py:1832} INFO - Sync 1 DAGs
[2022-06-15 22:29:22,525] {logging_mixin.py:104} INFO - [2022-06-15 22:29:22,525] {dag.py:2305} INFO - Setting next_dagrun for example_kubernetes_executor_config to None
[2022-06-15 22:29:22,544] {scheduler_job.py:190} INFO - Processing /home/airflow/.local/lib/python3.6/site-packages/airflow/example_dags/example_kubernetes_executor_config.py took 0.114 seconds
[2022-06-15 22:29:52,924] {scheduler_job.py:182} INFO - Started process (PID=540) to work on /home/airflow/.local/lib/python3.6/site-packages/airflow/example_dags/example_kubernetes_executor_config.py
[2022-06-15 22:29:52,926] {scheduler_job.py:633} INFO - Processing file /home/airflow/.local/lib/python3.6/site-packages/airflow/example_dags/example_kubernetes_executor_config.py for tasks to queue
[2022-06-15 22:29:52,927] {logging_mixin.py:104} INFO - [2022-06-15 22:29:52,927] {dagbag.py:487} INFO - Filling up the DagBag from /home/airflow/.local/lib/python3.6/site-packages/airflow/example_dags/example_kubernetes_executor_config.py
[2022-06-15 22:29:52,950] {scheduler_job.py:643} INFO - DAG(s) dict_keys(['example_kubernetes_executor_config']) retrieved from /home/airflow/.local/lib/python3.6/site-packages/airflow/example_dags/example_kubernetes_executor_config.py
[2022-06-15 22:29:52,974] {logging_mixin.py:104} INFO - [2022-06-15 22:29:52,974] {dag.py:1832} INFO - Sync 1 DAGs
[2022-06-15 22:29:52,991] {logging_mixin.py:104} INFO - [2022-06-15 22:29:52,991] {dag.py:2305} INFO - Setting next_dagrun for example_kubernetes_executor_config to None
[2022-06-15 22:29:53,004] {scheduler_job.py:190} INFO - Processing /home/airflow/.local/lib/python3.6/site-packages/airflow/example_dags/example_kubernetes_executor_config.py took 0.090 seconds
[2022-06-15 22:30:23,062] {scheduler_job.py:182} INFO - Started process (PID=608) to work on /home/airflow/.local/lib/python3.6/site-packages/airflow/example_dags/example_kubernetes_executor_config.py
[2022-06-15 22:30:23,063] {scheduler_job.py:633} INFO - Processing file /home/airflow/.local/lib/python3.6/site-packages/airflow/example_dags/example_kubernetes_executor_config.py for tasks to queue
[2022-06-15 22:30:23,064] {logging_mixin.py:104} INFO - [2022-06-15 22:30:23,063] {dagbag.py:487} INFO - Filling up the DagBag from /home/airflow/.local/lib/python3.6/site-packages/airflow/example_dags/example_kubernetes_executor_config.py
[2022-06-15 22:30:23,082] {scheduler_job.py:643} INFO - DAG(s) dict_keys(['example_kubernetes_executor_config']) retrieved from /home/airflow/.local/lib/python3.6/site-packages/airflow/example_dags/example_kubernetes_executor_config.py
[2022-06-15 22:30:23,108] {logging_mixin.py:104} INFO - [2022-06-15 22:30:23,107] {dag.py:1832} INFO - Sync 1 DAGs
[2022-06-15 22:30:23,129] {logging_mixin.py:104} INFO - [2022-06-15 22:30:23,129] {dag.py:2305} INFO - Setting next_dagrun for example_kubernetes_executor_config to None
[2022-06-15 22:30:23,141] {scheduler_job.py:190} INFO - Processing /home/airflow/.local/lib/python3.6/site-packages/airflow/example_dags/example_kubernetes_executor_config.py took 0.083 seconds
[2022-06-15 22:30:54,004] {scheduler_job.py:182} INFO - Started process (PID=669) to work on /home/airflow/.local/lib/python3.6/site-packages/airflow/example_dags/example_kubernetes_executor_config.py
[2022-06-15 22:30:54,008] {scheduler_job.py:633} INFO - Processing file /home/airflow/.local/lib/python3.6/site-packages/airflow/example_dags/example_kubernetes_executor_config.py for tasks to queue
[2022-06-15 22:30:54,012] {logging_mixin.py:104} INFO - [2022-06-15 22:30:54,011] {dagbag.py:487} INFO - Filling up the DagBag from /home/airflow/.local/lib/python3.6/site-packages/airflow/example_dags/example_kubernetes_executor_config.py
[2022-06-15 22:30:54,072] {scheduler_job.py:643} INFO - DAG(s) dict_keys(['example_kubernetes_executor_config']) retrieved from /home/airflow/.local/lib/python3.6/site-packages/airflow/example_dags/example_kubernetes_executor_config.py
[2022-06-15 22:30:54,107] {logging_mixin.py:104} INFO - [2022-06-15 22:30:54,107] {dag.py:1832} INFO - Sync 1 DAGs
[2022-06-15 22:30:54,133] {logging_mixin.py:104} INFO - [2022-06-15 22:30:54,133] {dag.py:2305} INFO - Setting next_dagrun for example_kubernetes_executor_config to None
[2022-06-15 22:30:54,150] {scheduler_job.py:190} INFO - Processing /home/airflow/.local/lib/python3.6/site-packages/airflow/example_dags/example_kubernetes_executor_config.py took 0.164 seconds
[2022-06-15 22:31:24,524] {scheduler_job.py:182} INFO - Started process (PID=727) to work on /home/airflow/.local/lib/python3.6/site-packages/airflow/example_dags/example_kubernetes_executor_config.py
[2022-06-15 22:31:24,526] {scheduler_job.py:633} INFO - Processing file /home/airflow/.local/lib/python3.6/site-packages/airflow/example_dags/example_kubernetes_executor_config.py for tasks to queue
[2022-06-15 22:31:24,528] {logging_mixin.py:104} INFO - [2022-06-15 22:31:24,527] {dagbag.py:487} INFO - Filling up the DagBag from /home/airflow/.local/lib/python3.6/site-packages/airflow/example_dags/example_kubernetes_executor_config.py
[2022-06-15 22:31:24,559] {scheduler_job.py:643} INFO - DAG(s) dict_keys(['example_kubernetes_executor_config']) retrieved from /home/airflow/.local/lib/python3.6/site-packages/airflow/example_dags/example_kubernetes_executor_config.py
[2022-06-15 22:31:24,601] {logging_mixin.py:104} INFO - [2022-06-15 22:31:24,601] {dag.py:1832} INFO - Sync 1 DAGs
[2022-06-15 22:31:24,626] {logging_mixin.py:104} INFO - [2022-06-15 22:31:24,625] {dag.py:2305} INFO - Setting next_dagrun for example_kubernetes_executor_config to None
[2022-06-15 22:31:24,650] {scheduler_job.py:190} INFO - Processing /home/airflow/.local/lib/python3.6/site-packages/airflow/example_dags/example_kubernetes_executor_config.py took 0.136 seconds
[2022-06-15 22:31:54,991] {scheduler_job.py:182} INFO - Started process (PID=784) to work on /home/airflow/.local/lib/python3.6/site-packages/airflow/example_dags/example_kubernetes_executor_config.py
[2022-06-15 22:31:54,995] {scheduler_job.py:633} INFO - Processing file /home/airflow/.local/lib/python3.6/site-packages/airflow/example_dags/example_kubernetes_executor_config.py for tasks to queue
[2022-06-15 22:31:54,998] {logging_mixin.py:104} INFO - [2022-06-15 22:31:54,997] {dagbag.py:487} INFO - Filling up the DagBag from /home/airflow/.local/lib/python3.6/site-packages/airflow/example_dags/example_kubernetes_executor_config.py
[2022-06-15 22:31:55,049] {scheduler_job.py:643} INFO - DAG(s) dict_keys(['example_kubernetes_executor_config']) retrieved from /home/airflow/.local/lib/python3.6/site-packages/airflow/example_dags/example_kubernetes_executor_config.py
[2022-06-15 22:31:55,121] {logging_mixin.py:104} INFO - [2022-06-15 22:31:55,120] {dag.py:1832} INFO - Sync 1 DAGs
[2022-06-15 22:31:55,182] {logging_mixin.py:104} INFO - [2022-06-15 22:31:55,182] {dag.py:2305} INFO - Setting next_dagrun for example_kubernetes_executor_config to None
[2022-06-15 22:31:55,212] {scheduler_job.py:190} INFO - Processing /home/airflow/.local/lib/python3.6/site-packages/airflow/example_dags/example_kubernetes_executor_config.py took 0.232 seconds
[2022-06-15 22:32:25,436] {scheduler_job.py:182} INFO - Started process (PID=842) to work on /home/airflow/.local/lib/python3.6/site-packages/airflow/example_dags/example_kubernetes_executor_config.py
[2022-06-15 22:32:25,448] {scheduler_job.py:633} INFO - Processing file /home/airflow/.local/lib/python3.6/site-packages/airflow/example_dags/example_kubernetes_executor_config.py for tasks to queue
[2022-06-15 22:32:25,449] {logging_mixin.py:104} INFO - [2022-06-15 22:32:25,449] {dagbag.py:487} INFO - Filling up the DagBag from /home/airflow/.local/lib/python3.6/site-packages/airflow/example_dags/example_kubernetes_executor_config.py
[2022-06-15 22:32:25,472] {scheduler_job.py:643} INFO - DAG(s) dict_keys(['example_kubernetes_executor_config']) retrieved from /home/airflow/.local/lib/python3.6/site-packages/airflow/example_dags/example_kubernetes_executor_config.py
[2022-06-15 22:32:25,523] {logging_mixin.py:104} INFO - [2022-06-15 22:32:25,523] {dag.py:1832} INFO - Sync 1 DAGs
[2022-06-15 22:32:25,556] {logging_mixin.py:104} INFO - [2022-06-15 22:32:25,555] {dag.py:2305} INFO - Setting next_dagrun for example_kubernetes_executor_config to None
[2022-06-15 22:32:25,577] {scheduler_job.py:190} INFO - Processing /home/airflow/.local/lib/python3.6/site-packages/airflow/example_dags/example_kubernetes_executor_config.py took 0.146 seconds
[2022-06-15 22:32:56,324] {scheduler_job.py:182} INFO - Started process (PID=907) to work on /home/airflow/.local/lib/python3.6/site-packages/airflow/example_dags/example_kubernetes_executor_config.py
[2022-06-15 22:32:56,325] {scheduler_job.py:633} INFO - Processing file /home/airflow/.local/lib/python3.6/site-packages/airflow/example_dags/example_kubernetes_executor_config.py for tasks to queue
[2022-06-15 22:32:56,326] {logging_mixin.py:104} INFO - [2022-06-15 22:32:56,326] {dagbag.py:487} INFO - Filling up the DagBag from /home/airflow/.local/lib/python3.6/site-packages/airflow/example_dags/example_kubernetes_executor_config.py
[2022-06-15 22:32:56,345] {scheduler_job.py:643} INFO - DAG(s) dict_keys(['example_kubernetes_executor_config']) retrieved from /home/airflow/.local/lib/python3.6/site-packages/airflow/example_dags/example_kubernetes_executor_config.py
[2022-06-15 22:32:56,383] {logging_mixin.py:104} INFO - [2022-06-15 22:32:56,382] {dag.py:1832} INFO - Sync 1 DAGs
[2022-06-15 22:32:56,407] {logging_mixin.py:104} INFO - [2022-06-15 22:32:56,407] {dag.py:2305} INFO - Setting next_dagrun for example_kubernetes_executor_config to None
[2022-06-15 22:32:56,420] {scheduler_job.py:190} INFO - Processing /home/airflow/.local/lib/python3.6/site-packages/airflow/example_dags/example_kubernetes_executor_config.py took 0.099 seconds
[2022-06-15 22:33:26,667] {scheduler_job.py:182} INFO - Started process (PID=971) to work on /home/airflow/.local/lib/python3.6/site-packages/airflow/example_dags/example_kubernetes_executor_config.py
[2022-06-15 22:33:26,669] {scheduler_job.py:633} INFO - Processing file /home/airflow/.local/lib/python3.6/site-packages/airflow/example_dags/example_kubernetes_executor_config.py for tasks to queue
[2022-06-15 22:33:26,672] {logging_mixin.py:104} INFO - [2022-06-15 22:33:26,672] {dagbag.py:487} INFO - Filling up the DagBag from /home/airflow/.local/lib/python3.6/site-packages/airflow/example_dags/example_kubernetes_executor_config.py
[2022-06-15 22:33:26,694] {scheduler_job.py:643} INFO - DAG(s) dict_keys(['example_kubernetes_executor_config']) retrieved from /home/airflow/.local/lib/python3.6/site-packages/airflow/example_dags/example_kubernetes_executor_config.py
[2022-06-15 22:33:26,733] {logging_mixin.py:104} INFO - [2022-06-15 22:33:26,733] {dag.py:1832} INFO - Sync 1 DAGs
[2022-06-15 22:33:26,763] {logging_mixin.py:104} INFO - [2022-06-15 22:33:26,763] {dag.py:2305} INFO - Setting next_dagrun for example_kubernetes_executor_config to None
[2022-06-15 22:33:26,778] {scheduler_job.py:190} INFO - Processing /home/airflow/.local/lib/python3.6/site-packages/airflow/example_dags/example_kubernetes_executor_config.py took 0.117 seconds
[2022-06-15 22:33:57,046] {scheduler_job.py:182} INFO - Started process (PID=1030) to work on /home/airflow/.local/lib/python3.6/site-packages/airflow/example_dags/example_kubernetes_executor_config.py
[2022-06-15 22:33:57,047] {scheduler_job.py:633} INFO - Processing file /home/airflow/.local/lib/python3.6/site-packages/airflow/example_dags/example_kubernetes_executor_config.py for tasks to queue
[2022-06-15 22:33:57,050] {logging_mixin.py:104} INFO - [2022-06-15 22:33:57,048] {dagbag.py:487} INFO - Filling up the DagBag from /home/airflow/.local/lib/python3.6/site-packages/airflow/example_dags/example_kubernetes_executor_config.py
[2022-06-15 22:33:57,082] {scheduler_job.py:643} INFO - DAG(s) dict_keys(['example_kubernetes_executor_config']) retrieved from /home/airflow/.local/lib/python3.6/site-packages/airflow/example_dags/example_kubernetes_executor_config.py
[2022-06-15 22:33:57,127] {logging_mixin.py:104} INFO - [2022-06-15 22:33:57,127] {dag.py:1832} INFO - Sync 1 DAGs
[2022-06-15 22:33:57,153] {logging_mixin.py:104} INFO - [2022-06-15 22:33:57,153] {dag.py:2305} INFO - Setting next_dagrun for example_kubernetes_executor_config to None
[2022-06-15 22:33:57,171] {scheduler_job.py:190} INFO - Processing /home/airflow/.local/lib/python3.6/site-packages/airflow/example_dags/example_kubernetes_executor_config.py took 0.130 seconds
[2022-06-15 22:34:27,751] {scheduler_job.py:182} INFO - Started process (PID=1088) to work on /home/airflow/.local/lib/python3.6/site-packages/airflow/example_dags/example_kubernetes_executor_config.py
[2022-06-15 22:34:27,754] {scheduler_job.py:633} INFO - Processing file /home/airflow/.local/lib/python3.6/site-packages/airflow/example_dags/example_kubernetes_executor_config.py for tasks to queue
[2022-06-15 22:34:27,757] {logging_mixin.py:104} INFO - [2022-06-15 22:34:27,756] {dagbag.py:487} INFO - Filling up the DagBag from /home/airflow/.local/lib/python3.6/site-packages/airflow/example_dags/example_kubernetes_executor_config.py
[2022-06-15 22:34:27,801] {scheduler_job.py:643} INFO - DAG(s) dict_keys(['example_kubernetes_executor_config']) retrieved from /home/airflow/.local/lib/python3.6/site-packages/airflow/example_dags/example_kubernetes_executor_config.py
[2022-06-15 22:34:27,831] {logging_mixin.py:104} INFO - [2022-06-15 22:34:27,831] {dag.py:1832} INFO - Sync 1 DAGs
[2022-06-15 22:34:27,847] {logging_mixin.py:104} INFO - [2022-06-15 22:34:27,847] {dag.py:2305} INFO - Setting next_dagrun for example_kubernetes_executor_config to None
[2022-06-15 22:34:27,861] {scheduler_job.py:190} INFO - Processing /home/airflow/.local/lib/python3.6/site-packages/airflow/example_dags/example_kubernetes_executor_config.py took 0.118 seconds
[2022-06-15 22:34:58,005] {scheduler_job.py:182} INFO - Started process (PID=1160) to work on /home/airflow/.local/lib/python3.6/site-packages/airflow/example_dags/example_kubernetes_executor_config.py
[2022-06-15 22:34:58,007] {scheduler_job.py:633} INFO - Processing file /home/airflow/.local/lib/python3.6/site-packages/airflow/example_dags/example_kubernetes_executor_config.py for tasks to queue
[2022-06-15 22:34:58,008] {logging_mixin.py:104} INFO - [2022-06-15 22:34:58,008] {dagbag.py:487} INFO - Filling up the DagBag from /home/airflow/.local/lib/python3.6/site-packages/airflow/example_dags/example_kubernetes_executor_config.py
[2022-06-15 22:34:58,035] {scheduler_job.py:643} INFO - DAG(s) dict_keys(['example_kubernetes_executor_config']) retrieved from /home/airflow/.local/lib/python3.6/site-packages/airflow/example_dags/example_kubernetes_executor_config.py
[2022-06-15 22:34:58,071] {logging_mixin.py:104} INFO - [2022-06-15 22:34:58,070] {dag.py:1832} INFO - Sync 1 DAGs
[2022-06-15 22:34:58,096] {logging_mixin.py:104} INFO - [2022-06-15 22:34:58,096] {dag.py:2305} INFO - Setting next_dagrun for example_kubernetes_executor_config to None
[2022-06-15 22:34:58,111] {scheduler_job.py:190} INFO - Processing /home/airflow/.local/lib/python3.6/site-packages/airflow/example_dags/example_kubernetes_executor_config.py took 0.111 seconds
[2022-06-15 22:35:28,640] {scheduler_job.py:182} INFO - Started process (PID=1218) to work on /home/airflow/.local/lib/python3.6/site-packages/airflow/example_dags/example_kubernetes_executor_config.py
[2022-06-15 22:35:28,644] {scheduler_job.py:633} INFO - Processing file /home/airflow/.local/lib/python3.6/site-packages/airflow/example_dags/example_kubernetes_executor_config.py for tasks to queue
[2022-06-15 22:35:28,651] {logging_mixin.py:104} INFO - [2022-06-15 22:35:28,650] {dagbag.py:487} INFO - Filling up the DagBag from /home/airflow/.local/lib/python3.6/site-packages/airflow/example_dags/example_kubernetes_executor_config.py
[2022-06-15 22:35:28,682] {scheduler_job.py:643} INFO - DAG(s) dict_keys(['example_kubernetes_executor_config']) retrieved from /home/airflow/.local/lib/python3.6/site-packages/airflow/example_dags/example_kubernetes_executor_config.py
[2022-06-15 22:35:28,712] {logging_mixin.py:104} INFO - [2022-06-15 22:35:28,711] {dag.py:1832} INFO - Sync 1 DAGs
[2022-06-15 22:35:28,734] {logging_mixin.py:104} INFO - [2022-06-15 22:35:28,734] {dag.py:2305} INFO - Setting next_dagrun for example_kubernetes_executor_config to None
[2022-06-15 22:35:28,754] {scheduler_job.py:190} INFO - Processing /home/airflow/.local/lib/python3.6/site-packages/airflow/example_dags/example_kubernetes_executor_config.py took 0.125 seconds
[2022-06-15 22:35:58,939] {scheduler_job.py:182} INFO - Started process (PID=1275) to work on /home/airflow/.local/lib/python3.6/site-packages/airflow/example_dags/example_kubernetes_executor_config.py
[2022-06-15 22:35:58,940] {scheduler_job.py:633} INFO - Processing file /home/airflow/.local/lib/python3.6/site-packages/airflow/example_dags/example_kubernetes_executor_config.py for tasks to queue
[2022-06-15 22:35:58,941] {logging_mixin.py:104} INFO - [2022-06-15 22:35:58,941] {dagbag.py:487} INFO - Filling up the DagBag from /home/airflow/.local/lib/python3.6/site-packages/airflow/example_dags/example_kubernetes_executor_config.py
[2022-06-15 22:35:58,961] {scheduler_job.py:643} INFO - DAG(s) dict_keys(['example_kubernetes_executor_config']) retrieved from /home/airflow/.local/lib/python3.6/site-packages/airflow/example_dags/example_kubernetes_executor_config.py
[2022-06-15 22:35:58,992] {logging_mixin.py:104} INFO - [2022-06-15 22:35:58,992] {dag.py:1832} INFO - Sync 1 DAGs
[2022-06-15 22:35:59,021] {logging_mixin.py:104} INFO - [2022-06-15 22:35:59,020] {dag.py:2305} INFO - Setting next_dagrun for example_kubernetes_executor_config to None
[2022-06-15 22:35:59,047] {scheduler_job.py:190} INFO - Processing /home/airflow/.local/lib/python3.6/site-packages/airflow/example_dags/example_kubernetes_executor_config.py took 0.112 seconds
[2022-06-15 22:36:29,861] {scheduler_job.py:182} INFO - Started process (PID=1337) to work on /home/airflow/.local/lib/python3.6/site-packages/airflow/example_dags/example_kubernetes_executor_config.py
[2022-06-15 22:36:29,863] {scheduler_job.py:633} INFO - Processing file /home/airflow/.local/lib/python3.6/site-packages/airflow/example_dags/example_kubernetes_executor_config.py for tasks to queue
[2022-06-15 22:36:29,865] {logging_mixin.py:104} INFO - [2022-06-15 22:36:29,864] {dagbag.py:487} INFO - Filling up the DagBag from /home/airflow/.local/lib/python3.6/site-packages/airflow/example_dags/example_kubernetes_executor_config.py
[2022-06-15 22:36:29,943] {scheduler_job.py:643} INFO - DAG(s) dict_keys(['example_kubernetes_executor_config']) retrieved from /home/airflow/.local/lib/python3.6/site-packages/airflow/example_dags/example_kubernetes_executor_config.py
[2022-06-15 22:36:30,078] {logging_mixin.py:104} INFO - [2022-06-15 22:36:30,078] {dag.py:1832} INFO - Sync 1 DAGs
[2022-06-15 22:36:30,221] {logging_mixin.py:104} INFO - [2022-06-15 22:36:30,221] {dag.py:2305} INFO - Setting next_dagrun for example_kubernetes_executor_config to None
[2022-06-15 22:36:30,280] {scheduler_job.py:190} INFO - Processing /home/airflow/.local/lib/python3.6/site-packages/airflow/example_dags/example_kubernetes_executor_config.py took 0.434 seconds
[2022-06-15 22:37:00,367] {scheduler_job.py:182} INFO - Started process (PID=1399) to work on /home/airflow/.local/lib/python3.6/site-packages/airflow/example_dags/example_kubernetes_executor_config.py
[2022-06-15 22:37:00,369] {scheduler_job.py:633} INFO - Processing file /home/airflow/.local/lib/python3.6/site-packages/airflow/example_dags/example_kubernetes_executor_config.py for tasks to queue
[2022-06-15 22:37:00,369] {logging_mixin.py:104} INFO - [2022-06-15 22:37:00,369] {dagbag.py:487} INFO - Filling up the DagBag from /home/airflow/.local/lib/python3.6/site-packages/airflow/example_dags/example_kubernetes_executor_config.py
[2022-06-15 22:37:00,384] {scheduler_job.py:643} INFO - DAG(s) dict_keys(['example_kubernetes_executor_config']) retrieved from /home/airflow/.local/lib/python3.6/site-packages/airflow/example_dags/example_kubernetes_executor_config.py
[2022-06-15 22:37:00,407] {logging_mixin.py:104} INFO - [2022-06-15 22:37:00,407] {dag.py:1832} INFO - Sync 1 DAGs
[2022-06-15 22:37:00,424] {logging_mixin.py:104} INFO - [2022-06-15 22:37:00,424] {dag.py:2305} INFO - Setting next_dagrun for example_kubernetes_executor_config to None
[2022-06-15 22:37:00,438] {scheduler_job.py:190} INFO - Processing /home/airflow/.local/lib/python3.6/site-packages/airflow/example_dags/example_kubernetes_executor_config.py took 0.074 seconds
[2022-06-15 22:37:31,202] {scheduler_job.py:182} INFO - Started process (PID=1459) to work on /home/airflow/.local/lib/python3.6/site-packages/airflow/example_dags/example_kubernetes_executor_config.py
[2022-06-15 22:37:31,203] {scheduler_job.py:633} INFO - Processing file /home/airflow/.local/lib/python3.6/site-packages/airflow/example_dags/example_kubernetes_executor_config.py for tasks to queue
[2022-06-15 22:37:31,204] {logging_mixin.py:104} INFO - [2022-06-15 22:37:31,204] {dagbag.py:487} INFO - Filling up the DagBag from /home/airflow/.local/lib/python3.6/site-packages/airflow/example_dags/example_kubernetes_executor_config.py
[2022-06-15 22:37:31,241] {scheduler_job.py:643} INFO - DAG(s) dict_keys(['example_kubernetes_executor_config']) retrieved from /home/airflow/.local/lib/python3.6/site-packages/airflow/example_dags/example_kubernetes_executor_config.py
[2022-06-15 22:37:31,314] {logging_mixin.py:104} INFO - [2022-06-15 22:37:31,314] {dag.py:1832} INFO - Sync 1 DAGs
[2022-06-15 22:37:31,380] {logging_mixin.py:104} INFO - [2022-06-15 22:37:31,379] {dag.py:2305} INFO - Setting next_dagrun for example_kubernetes_executor_config to None
[2022-06-15 22:37:31,403] {scheduler_job.py:190} INFO - Processing /home/airflow/.local/lib/python3.6/site-packages/airflow/example_dags/example_kubernetes_executor_config.py took 0.206 seconds
[2022-06-15 22:38:01,506] {scheduler_job.py:182} INFO - Started process (PID=1518) to work on /home/airflow/.local/lib/python3.6/site-packages/airflow/example_dags/example_kubernetes_executor_config.py
[2022-06-15 22:38:01,508] {scheduler_job.py:633} INFO - Processing file /home/airflow/.local/lib/python3.6/site-packages/airflow/example_dags/example_kubernetes_executor_config.py for tasks to queue
[2022-06-15 22:38:01,508] {logging_mixin.py:104} INFO - [2022-06-15 22:38:01,508] {dagbag.py:487} INFO - Filling up the DagBag from /home/airflow/.local/lib/python3.6/site-packages/airflow/example_dags/example_kubernetes_executor_config.py
[2022-06-15 22:38:01,535] {scheduler_job.py:643} INFO - DAG(s) dict_keys(['example_kubernetes_executor_config']) retrieved from /home/airflow/.local/lib/python3.6/site-packages/airflow/example_dags/example_kubernetes_executor_config.py
[2022-06-15 22:38:01,578] {logging_mixin.py:104} INFO - [2022-06-15 22:38:01,578] {dag.py:1832} INFO - Sync 1 DAGs
[2022-06-15 22:38:01,618] {logging_mixin.py:104} INFO - [2022-06-15 22:38:01,618] {dag.py:2305} INFO - Setting next_dagrun for example_kubernetes_executor_config to None
[2022-06-15 22:38:01,640] {scheduler_job.py:190} INFO - Processing /home/airflow/.local/lib/python3.6/site-packages/airflow/example_dags/example_kubernetes_executor_config.py took 0.140 seconds
[2022-06-15 22:38:31,916] {scheduler_job.py:182} INFO - Started process (PID=1576) to work on /home/airflow/.local/lib/python3.6/site-packages/airflow/example_dags/example_kubernetes_executor_config.py
[2022-06-15 22:38:31,917] {scheduler_job.py:633} INFO - Processing file /home/airflow/.local/lib/python3.6/site-packages/airflow/example_dags/example_kubernetes_executor_config.py for tasks to queue
[2022-06-15 22:38:31,917] {logging_mixin.py:104} INFO - [2022-06-15 22:38:31,917] {dagbag.py:487} INFO - Filling up the DagBag from /home/airflow/.local/lib/python3.6/site-packages/airflow/example_dags/example_kubernetes_executor_config.py
[2022-06-15 22:38:31,933] {scheduler_job.py:643} INFO - DAG(s) dict_keys(['example_kubernetes_executor_config']) retrieved from /home/airflow/.local/lib/python3.6/site-packages/airflow/example_dags/example_kubernetes_executor_config.py
[2022-06-15 22:38:31,960] {logging_mixin.py:104} INFO - [2022-06-15 22:38:31,960] {dag.py:1832} INFO - Sync 1 DAGs
[2022-06-15 22:38:31,979] {logging_mixin.py:104} INFO - [2022-06-15 22:38:31,979] {dag.py:2305} INFO - Setting next_dagrun for example_kubernetes_executor_config to None
[2022-06-15 22:38:32,001] {scheduler_job.py:190} INFO - Processing /home/airflow/.local/lib/python3.6/site-packages/airflow/example_dags/example_kubernetes_executor_config.py took 0.089 seconds
[2022-06-15 22:39:02,428] {scheduler_job.py:182} INFO - Started process (PID=1641) to work on /home/airflow/.local/lib/python3.6/site-packages/airflow/example_dags/example_kubernetes_executor_config.py
[2022-06-15 22:39:02,434] {scheduler_job.py:633} INFO - Processing file /home/airflow/.local/lib/python3.6/site-packages/airflow/example_dags/example_kubernetes_executor_config.py for tasks to queue
[2022-06-15 22:39:02,438] {logging_mixin.py:104} INFO - [2022-06-15 22:39:02,437] {dagbag.py:487} INFO - Filling up the DagBag from /home/airflow/.local/lib/python3.6/site-packages/airflow/example_dags/example_kubernetes_executor_config.py
[2022-06-15 22:39:02,491] {scheduler_job.py:643} INFO - DAG(s) dict_keys(['example_kubernetes_executor_config']) retrieved from /home/airflow/.local/lib/python3.6/site-packages/airflow/example_dags/example_kubernetes_executor_config.py
[2022-06-15 22:39:02,540] {logging_mixin.py:104} INFO - [2022-06-15 22:39:02,540] {dag.py:1832} INFO - Sync 1 DAGs
[2022-06-15 22:39:02,565] {logging_mixin.py:104} INFO - [2022-06-15 22:39:02,565] {dag.py:2305} INFO - Setting next_dagrun for example_kubernetes_executor_config to None
[2022-06-15 22:39:02,582] {scheduler_job.py:190} INFO - Processing /home/airflow/.local/lib/python3.6/site-packages/airflow/example_dags/example_kubernetes_executor_config.py took 0.168 seconds
[2022-06-15 22:54:31,567] {scheduler_job.py:182} INFO - Started process (PID=69) to work on /home/airflow/.local/lib/python3.6/site-packages/airflow/example_dags/example_kubernetes_executor_config.py
[2022-06-15 22:54:31,579] {scheduler_job.py:633} INFO - Processing file /home/airflow/.local/lib/python3.6/site-packages/airflow/example_dags/example_kubernetes_executor_config.py for tasks to queue
[2022-06-15 22:54:31,583] {logging_mixin.py:104} INFO - [2022-06-15 22:54:31,583] {dagbag.py:487} INFO - Filling up the DagBag from /home/airflow/.local/lib/python3.6/site-packages/airflow/example_dags/example_kubernetes_executor_config.py
[2022-06-15 22:54:31,720] {scheduler_job.py:643} INFO - DAG(s) dict_keys(['example_kubernetes_executor_config']) retrieved from /home/airflow/.local/lib/python3.6/site-packages/airflow/example_dags/example_kubernetes_executor_config.py
[2022-06-15 22:54:31,832] {logging_mixin.py:104} INFO - [2022-06-15 22:54:31,832] {dag.py:1832} INFO - Sync 1 DAGs
[2022-06-15 22:54:31,937] {logging_mixin.py:104} INFO - [2022-06-15 22:54:31,937] {dag.py:2305} INFO - Setting next_dagrun for example_kubernetes_executor_config to None
[2022-06-15 22:54:31,983] {scheduler_job.py:190} INFO - Processing /home/airflow/.local/lib/python3.6/site-packages/airflow/example_dags/example_kubernetes_executor_config.py took 0.434 seconds
[2022-06-15 22:55:02,812] {scheduler_job.py:182} INFO - Started process (PID=126) to work on /home/airflow/.local/lib/python3.6/site-packages/airflow/example_dags/example_kubernetes_executor_config.py
[2022-06-15 22:55:02,825] {scheduler_job.py:633} INFO - Processing file /home/airflow/.local/lib/python3.6/site-packages/airflow/example_dags/example_kubernetes_executor_config.py for tasks to queue
[2022-06-15 22:55:02,826] {logging_mixin.py:104} INFO - [2022-06-15 22:55:02,826] {dagbag.py:487} INFO - Filling up the DagBag from /home/airflow/.local/lib/python3.6/site-packages/airflow/example_dags/example_kubernetes_executor_config.py
[2022-06-15 22:55:02,883] {scheduler_job.py:643} INFO - DAG(s) dict_keys(['example_kubernetes_executor_config']) retrieved from /home/airflow/.local/lib/python3.6/site-packages/airflow/example_dags/example_kubernetes_executor_config.py
[2022-06-15 22:55:02,935] {logging_mixin.py:104} INFO - [2022-06-15 22:55:02,934] {dag.py:1832} INFO - Sync 1 DAGs
[2022-06-15 22:55:03,010] {logging_mixin.py:104} INFO - [2022-06-15 22:55:03,010] {dag.py:2305} INFO - Setting next_dagrun for example_kubernetes_executor_config to None
[2022-06-15 22:55:03,049] {scheduler_job.py:190} INFO - Processing /home/airflow/.local/lib/python3.6/site-packages/airflow/example_dags/example_kubernetes_executor_config.py took 0.241 seconds
[2022-06-15 22:55:33,953] {scheduler_job.py:182} INFO - Started process (PID=185) to work on /home/airflow/.local/lib/python3.6/site-packages/airflow/example_dags/example_kubernetes_executor_config.py
[2022-06-15 22:55:33,954] {scheduler_job.py:633} INFO - Processing file /home/airflow/.local/lib/python3.6/site-packages/airflow/example_dags/example_kubernetes_executor_config.py for tasks to queue
[2022-06-15 22:55:33,955] {logging_mixin.py:104} INFO - [2022-06-15 22:55:33,955] {dagbag.py:487} INFO - Filling up the DagBag from /home/airflow/.local/lib/python3.6/site-packages/airflow/example_dags/example_kubernetes_executor_config.py
[2022-06-15 22:55:33,982] {scheduler_job.py:643} INFO - DAG(s) dict_keys(['example_kubernetes_executor_config']) retrieved from /home/airflow/.local/lib/python3.6/site-packages/airflow/example_dags/example_kubernetes_executor_config.py
[2022-06-15 22:55:34,008] {logging_mixin.py:104} INFO - [2022-06-15 22:55:34,007] {dag.py:1832} INFO - Sync 1 DAGs
[2022-06-15 22:55:34,025] {logging_mixin.py:104} INFO - [2022-06-15 22:55:34,025] {dag.py:2305} INFO - Setting next_dagrun for example_kubernetes_executor_config to None
[2022-06-15 22:55:34,038] {scheduler_job.py:190} INFO - Processing /home/airflow/.local/lib/python3.6/site-packages/airflow/example_dags/example_kubernetes_executor_config.py took 0.094 seconds
[2022-06-15 22:57:26,245] {scheduler_job.py:182} INFO - Started process (PID=68) to work on /home/airflow/.local/lib/python3.6/site-packages/airflow/example_dags/example_kubernetes_executor_config.py
[2022-06-15 22:57:26,251] {scheduler_job.py:633} INFO - Processing file /home/airflow/.local/lib/python3.6/site-packages/airflow/example_dags/example_kubernetes_executor_config.py for tasks to queue
[2022-06-15 22:57:26,252] {logging_mixin.py:104} INFO - [2022-06-15 22:57:26,251] {dagbag.py:487} INFO - Filling up the DagBag from /home/airflow/.local/lib/python3.6/site-packages/airflow/example_dags/example_kubernetes_executor_config.py
[2022-06-15 22:57:26,334] {scheduler_job.py:643} INFO - DAG(s) dict_keys(['example_kubernetes_executor_config']) retrieved from /home/airflow/.local/lib/python3.6/site-packages/airflow/example_dags/example_kubernetes_executor_config.py
[2022-06-15 22:57:33,863] {logging_mixin.py:104} INFO - [2022-06-15 22:57:33,859] {dag.py:1832} INFO - Sync 1 DAGs
[2022-06-15 22:57:33,885] {logging_mixin.py:104} INFO - [2022-06-15 22:57:33,883] {dag.py:1851} INFO - Creating ORM DAG for example_kubernetes_executor_config
[2022-06-15 22:57:33,896] {logging_mixin.py:104} INFO - [2022-06-15 22:57:33,896] {dag.py:2305} INFO - Setting next_dagrun for example_kubernetes_executor_config to None
[2022-06-15 22:57:33,943] {scheduler_job.py:190} INFO - Processing /home/airflow/.local/lib/python3.6/site-packages/airflow/example_dags/example_kubernetes_executor_config.py took 7.724 seconds
[2022-06-15 22:58:15,117] {scheduler_job.py:182} INFO - Started process (PID=170) to work on /home/airflow/.local/lib/python3.6/site-packages/airflow/example_dags/example_kubernetes_executor_config.py
[2022-06-15 22:58:15,118] {scheduler_job.py:633} INFO - Processing file /home/airflow/.local/lib/python3.6/site-packages/airflow/example_dags/example_kubernetes_executor_config.py for tasks to queue
[2022-06-15 22:58:15,119] {logging_mixin.py:104} INFO - [2022-06-15 22:58:15,119] {dagbag.py:487} INFO - Filling up the DagBag from /home/airflow/.local/lib/python3.6/site-packages/airflow/example_dags/example_kubernetes_executor_config.py
[2022-06-15 22:58:15,134] {scheduler_job.py:643} INFO - DAG(s) dict_keys(['example_kubernetes_executor_config']) retrieved from /home/airflow/.local/lib/python3.6/site-packages/airflow/example_dags/example_kubernetes_executor_config.py
[2022-06-15 22:58:15,162] {logging_mixin.py:104} INFO - [2022-06-15 22:58:15,162] {dag.py:1832} INFO - Sync 1 DAGs
[2022-06-15 22:58:15,181] {logging_mixin.py:104} INFO - [2022-06-15 22:58:15,181] {dag.py:2305} INFO - Setting next_dagrun for example_kubernetes_executor_config to None
[2022-06-15 22:58:15,195] {scheduler_job.py:190} INFO - Processing /home/airflow/.local/lib/python3.6/site-packages/airflow/example_dags/example_kubernetes_executor_config.py took 0.081 seconds
[2022-06-15 22:58:45,732] {scheduler_job.py:182} INFO - Started process (PID=225) to work on /home/airflow/.local/lib/python3.6/site-packages/airflow/example_dags/example_kubernetes_executor_config.py
[2022-06-15 22:58:45,733] {scheduler_job.py:633} INFO - Processing file /home/airflow/.local/lib/python3.6/site-packages/airflow/example_dags/example_kubernetes_executor_config.py for tasks to queue
[2022-06-15 22:58:45,734] {logging_mixin.py:104} INFO - [2022-06-15 22:58:45,734] {dagbag.py:487} INFO - Filling up the DagBag from /home/airflow/.local/lib/python3.6/site-packages/airflow/example_dags/example_kubernetes_executor_config.py
[2022-06-15 22:58:45,750] {scheduler_job.py:643} INFO - DAG(s) dict_keys(['example_kubernetes_executor_config']) retrieved from /home/airflow/.local/lib/python3.6/site-packages/airflow/example_dags/example_kubernetes_executor_config.py
[2022-06-15 22:58:45,778] {logging_mixin.py:104} INFO - [2022-06-15 22:58:45,778] {dag.py:1832} INFO - Sync 1 DAGs
[2022-06-15 22:58:45,795] {logging_mixin.py:104} INFO - [2022-06-15 22:58:45,795] {dag.py:2305} INFO - Setting next_dagrun for example_kubernetes_executor_config to None
[2022-06-15 22:58:45,807] {scheduler_job.py:190} INFO - Processing /home/airflow/.local/lib/python3.6/site-packages/airflow/example_dags/example_kubernetes_executor_config.py took 0.078 seconds
[2022-06-15 22:59:16,224] {scheduler_job.py:182} INFO - Started process (PID=297) to work on /home/airflow/.local/lib/python3.6/site-packages/airflow/example_dags/example_kubernetes_executor_config.py
[2022-06-15 22:59:16,226] {scheduler_job.py:633} INFO - Processing file /home/airflow/.local/lib/python3.6/site-packages/airflow/example_dags/example_kubernetes_executor_config.py for tasks to queue
[2022-06-15 22:59:16,227] {logging_mixin.py:104} INFO - [2022-06-15 22:59:16,226] {dagbag.py:487} INFO - Filling up the DagBag from /home/airflow/.local/lib/python3.6/site-packages/airflow/example_dags/example_kubernetes_executor_config.py
[2022-06-15 22:59:16,240] {scheduler_job.py:643} INFO - DAG(s) dict_keys(['example_kubernetes_executor_config']) retrieved from /home/airflow/.local/lib/python3.6/site-packages/airflow/example_dags/example_kubernetes_executor_config.py
[2022-06-15 22:59:16,271] {logging_mixin.py:104} INFO - [2022-06-15 22:59:16,270] {dag.py:1832} INFO - Sync 1 DAGs
[2022-06-15 22:59:16,288] {logging_mixin.py:104} INFO - [2022-06-15 22:59:16,288] {dag.py:2305} INFO - Setting next_dagrun for example_kubernetes_executor_config to None
[2022-06-15 22:59:16,302] {scheduler_job.py:190} INFO - Processing /home/airflow/.local/lib/python3.6/site-packages/airflow/example_dags/example_kubernetes_executor_config.py took 0.081 seconds
[2022-06-15 22:59:47,270] {scheduler_job.py:182} INFO - Started process (PID=355) to work on /home/airflow/.local/lib/python3.6/site-packages/airflow/example_dags/example_kubernetes_executor_config.py
[2022-06-15 22:59:47,271] {scheduler_job.py:633} INFO - Processing file /home/airflow/.local/lib/python3.6/site-packages/airflow/example_dags/example_kubernetes_executor_config.py for tasks to queue
[2022-06-15 22:59:47,273] {logging_mixin.py:104} INFO - [2022-06-15 22:59:47,272] {dagbag.py:487} INFO - Filling up the DagBag from /home/airflow/.local/lib/python3.6/site-packages/airflow/example_dags/example_kubernetes_executor_config.py
[2022-06-15 22:59:47,308] {scheduler_job.py:643} INFO - DAG(s) dict_keys(['example_kubernetes_executor_config']) retrieved from /home/airflow/.local/lib/python3.6/site-packages/airflow/example_dags/example_kubernetes_executor_config.py
[2022-06-15 22:59:47,364] {logging_mixin.py:104} INFO - [2022-06-15 22:59:47,364] {dag.py:1832} INFO - Sync 1 DAGs
[2022-06-15 22:59:47,388] {logging_mixin.py:104} INFO - [2022-06-15 22:59:47,388] {dag.py:2305} INFO - Setting next_dagrun for example_kubernetes_executor_config to None
[2022-06-15 22:59:47,405] {scheduler_job.py:190} INFO - Processing /home/airflow/.local/lib/python3.6/site-packages/airflow/example_dags/example_kubernetes_executor_config.py took 0.144 seconds
[2022-06-15 23:00:18,093] {scheduler_job.py:182} INFO - Started process (PID=413) to work on /home/airflow/.local/lib/python3.6/site-packages/airflow/example_dags/example_kubernetes_executor_config.py
[2022-06-15 23:00:18,095] {scheduler_job.py:633} INFO - Processing file /home/airflow/.local/lib/python3.6/site-packages/airflow/example_dags/example_kubernetes_executor_config.py for tasks to queue
[2022-06-15 23:00:18,096] {logging_mixin.py:104} INFO - [2022-06-15 23:00:18,096] {dagbag.py:487} INFO - Filling up the DagBag from /home/airflow/.local/lib/python3.6/site-packages/airflow/example_dags/example_kubernetes_executor_config.py
[2022-06-15 23:00:18,139] {scheduler_job.py:643} INFO - DAG(s) dict_keys(['example_kubernetes_executor_config']) retrieved from /home/airflow/.local/lib/python3.6/site-packages/airflow/example_dags/example_kubernetes_executor_config.py
[2022-06-15 23:00:18,205] {logging_mixin.py:104} INFO - [2022-06-15 23:00:18,205] {dag.py:1832} INFO - Sync 1 DAGs
[2022-06-15 23:00:18,250] {logging_mixin.py:104} INFO - [2022-06-15 23:00:18,249] {dag.py:2305} INFO - Setting next_dagrun for example_kubernetes_executor_config to None
[2022-06-15 23:00:18,304] {scheduler_job.py:190} INFO - Processing /home/airflow/.local/lib/python3.6/site-packages/airflow/example_dags/example_kubernetes_executor_config.py took 0.218 seconds
