[2022-06-08 21:51:18,631] {taskinstance.py:876} INFO - Dependencies all met for <TaskInstance: hello.get_name 2022-06-07T00:00:00+00:00 [None]>
[2022-06-08 21:51:18,742] {taskinstance.py:876} INFO - Dependencies all met for <TaskInstance: hello.get_name 2022-06-07T00:00:00+00:00 [None]>
[2022-06-08 21:51:18,743] {taskinstance.py:1067} INFO - 
--------------------------------------------------------------------------------
[2022-06-08 21:51:18,743] {taskinstance.py:1068} INFO - Starting attempt 1 of 2
[2022-06-08 21:51:18,775] {taskinstance.py:1069} INFO - 
--------------------------------------------------------------------------------
[2022-06-08 21:51:18,815] {taskinstance.py:1087} INFO - Executing <Task(BashOperator): get_name> on 2022-06-07T00:00:00+00:00
[2022-06-08 21:51:18,846] {standard_task_runner.py:52} INFO - Started process 486 to run task
[2022-06-08 21:51:18,860] {standard_task_runner.py:76} INFO - Running: ['***', 'tasks', 'run', 'hello', 'get_name', '2022-06-07T00:00:00+00:00', '--job-id', '40', '--pool', 'default_pool', '--raw', '--subdir', 'DAGS_FOLDER/username.py', '--cfg-path', '/tmp/tmp7obsj1da', '--error-file', '/tmp/tmp7r6iobe4']
[2022-06-08 21:51:18,864] {standard_task_runner.py:77} INFO - Job 40: Subtask get_name
[2022-06-08 21:51:18,998] {logging_mixin.py:104} INFO - Running <TaskInstance: hello.get_name 2022-06-07T00:00:00+00:00 [running]> on host 69873a4b1233
[2022-06-08 21:51:19,171] {taskinstance.py:1282} INFO - Exporting the following env vars:
AIRFLOW_CTX_DAG_OWNER=***
AIRFLOW_CTX_DAG_ID=hello
AIRFLOW_CTX_TASK_ID=get_name
AIRFLOW_CTX_EXECUTION_DATE=2022-06-07T00:00:00+00:00
AIRFLOW_CTX_DAG_RUN_ID=scheduled__2022-06-07T00:00:00+00:00
[2022-06-08 21:51:19,172] {subprocess.py:52} INFO - Tmp dir root location: 
 /tmp
[2022-06-08 21:51:19,174] {subprocess.py:63} INFO - Running command: ['bash', '-c', 'echo Alma']
[2022-06-08 21:51:19,218] {subprocess.py:75} INFO - Output:
[2022-06-08 21:51:19,221] {subprocess.py:79} INFO - Alma
[2022-06-08 21:51:19,222] {subprocess.py:83} INFO - Command exited with return code 0
[2022-06-08 21:51:19,287] {taskinstance.py:1191} INFO - Marking task as SUCCESS. dag_id=hello, task_id=get_name, execution_date=20220607T000000, start_date=20220608T215118, end_date=20220608T215119
[2022-06-08 21:51:19,368] {dagrun.py:496} WARNING - Failed to get task '<TaskInstance: hello.print_hello 2022-06-07 00:00:00+00:00 [success]>' for dag 'hello'. Marking it as removed.
[2022-06-08 21:51:19,391] {taskinstance.py:1245} INFO - 0 downstream tasks scheduled from follow-on schedule check
[2022-06-08 21:51:19,420] {local_task_job.py:151} INFO - Task exited with return code 0
