[2022-06-16 00:59:36,345] {taskinstance.py:1159} INFO - Dependencies all met for <TaskInstance: code_review_ch6.get_name_task scheduled__2022-06-14T00:00:00+00:00 [queued]>
[2022-06-16 00:59:36,386] {taskinstance.py:1159} INFO - Dependencies all met for <TaskInstance: code_review_ch6.get_name_task scheduled__2022-06-14T00:00:00+00:00 [queued]>
[2022-06-16 00:59:36,386] {taskinstance.py:1356} INFO - 
--------------------------------------------------------------------------------
[2022-06-16 00:59:36,386] {taskinstance.py:1357} INFO - Starting attempt 1 of 2
[2022-06-16 00:59:36,386] {taskinstance.py:1358} INFO - 
--------------------------------------------------------------------------------
[2022-06-16 00:59:36,454] {taskinstance.py:1377} INFO - Executing <Task(BashOperator): get_name_task> on 2022-06-14 00:00:00+00:00
[2022-06-16 00:59:36,461] {standard_task_runner.py:52} INFO - Started process 4788 to run task
[2022-06-16 00:59:36,475] {standard_task_runner.py:79} INFO - Running: ['***', 'tasks', 'run', 'code_review_ch6', 'get_name_task', 'scheduled__2022-06-14T00:00:00+00:00', '--job-id', '47', '--raw', '--subdir', 'DAGS_FOLDER/ch6_code_review.py', '--cfg-path', '/tmp/tmpd47sbomb', '--error-file', '/tmp/tmpw0gwnmrf']
[2022-06-16 00:59:36,476] {standard_task_runner.py:80} INFO - Job 47: Subtask get_name_task
[2022-06-16 00:59:36,599] {task_command.py:370} INFO - Running <TaskInstance: code_review_ch6.get_name_task scheduled__2022-06-14T00:00:00+00:00 [running]> on host 6a14fd44e8dc
[2022-06-16 00:59:37,219] {taskinstance.py:1571} INFO - Exporting the following env vars:
AIRFLOW_CTX_DAG_OWNER=***
AIRFLOW_CTX_DAG_ID=code_review_ch6
AIRFLOW_CTX_TASK_ID=get_name_task
AIRFLOW_CTX_EXECUTION_DATE=2022-06-14T00:00:00+00:00
AIRFLOW_CTX_TRY_NUMBER=1
AIRFLOW_CTX_DAG_RUN_ID=scheduled__2022-06-14T00:00:00+00:00
[2022-06-16 00:59:37,227] {subprocess.py:62} INFO - Tmp dir root location: 
 /tmp
[2022-06-16 00:59:37,228] {subprocess.py:74} INFO - Running command: ['bash', '-c', 'echo Alma > /opt/***/dags/username.txt']
[2022-06-16 00:59:37,299] {subprocess.py:85} INFO - Output:
[2022-06-16 00:59:37,317] {subprocess.py:96} INFO - Command exited with return code 0
[2022-06-16 00:59:37,485] {taskinstance.py:1400} INFO - Marking task as SUCCESS. dag_id=code_review_ch6, task_id=get_name_task, execution_date=20220614T000000, start_date=20220616T005936, end_date=20220616T005937
[2022-06-16 00:59:37,646] {local_task_job.py:156} INFO - Task exited with return code 0
[2022-06-16 00:59:37,787] {local_task_job.py:273} INFO - 1 downstream tasks scheduled from follow-on schedule check
