[2022-06-16 00:59:42,414] {taskinstance.py:1159} INFO - Dependencies all met for <TaskInstance: code_review_ch6.get_apples_task scheduled__2022-06-14T00:00:00+00:00 [queued]>
[2022-06-16 00:59:42,461] {taskinstance.py:1159} INFO - Dependencies all met for <TaskInstance: code_review_ch6.get_apples_task scheduled__2022-06-14T00:00:00+00:00 [queued]>
[2022-06-16 00:59:42,461] {taskinstance.py:1356} INFO - 
--------------------------------------------------------------------------------
[2022-06-16 00:59:42,461] {taskinstance.py:1357} INFO - Starting attempt 1 of 2
[2022-06-16 00:59:42,461] {taskinstance.py:1358} INFO - 
--------------------------------------------------------------------------------
[2022-06-16 00:59:42,527] {taskinstance.py:1377} INFO - Executing <Task(BashOperator): get_apples_task> on 2022-06-14 00:00:00+00:00
[2022-06-16 00:59:42,533] {standard_task_runner.py:52} INFO - Started process 4815 to run task
[2022-06-16 00:59:42,537] {standard_task_runner.py:79} INFO - Running: ['***', 'tasks', 'run', 'code_review_ch6', 'get_apples_task', 'scheduled__2022-06-14T00:00:00+00:00', '--job-id', '54', '--raw', '--subdir', 'DAGS_FOLDER/ch6_code_review.py', '--cfg-path', '/tmp/tmp8pbvquvn', '--error-file', '/tmp/tmpe914wbp2']
[2022-06-16 00:59:42,538] {standard_task_runner.py:80} INFO - Job 54: Subtask get_apples_task
[2022-06-16 00:59:42,682] {task_command.py:370} INFO - Running <TaskInstance: code_review_ch6.get_apples_task scheduled__2022-06-14T00:00:00+00:00 [running]> on host 6a14fd44e8dc
[2022-06-16 00:59:43,143] {taskinstance.py:1571} INFO - Exporting the following env vars:
AIRFLOW_CTX_DAG_OWNER=***
AIRFLOW_CTX_DAG_ID=code_review_ch6
AIRFLOW_CTX_TASK_ID=get_apples_task
AIRFLOW_CTX_EXECUTION_DATE=2022-06-14T00:00:00+00:00
AIRFLOW_CTX_TRY_NUMBER=1
AIRFLOW_CTX_DAG_RUN_ID=scheduled__2022-06-14T00:00:00+00:00
[2022-06-16 00:59:43,144] {subprocess.py:62} INFO - Tmp dir root location: 
 /tmp
[2022-06-16 00:59:43,145] {subprocess.py:74} INFO - Running command: ['bash', '-c', 'echo "getting three random apples"']
[2022-06-16 00:59:43,185] {subprocess.py:85} INFO - Output:
[2022-06-16 00:59:43,192] {subprocess.py:92} INFO - getting three random apples
[2022-06-16 00:59:43,193] {subprocess.py:96} INFO - Command exited with return code 0
[2022-06-16 00:59:43,381] {taskinstance.py:1400} INFO - Marking task as SUCCESS. dag_id=code_review_ch6, task_id=get_apples_task, execution_date=20220614T000000, start_date=20220616T005942, end_date=20220616T005943
[2022-06-16 00:59:43,508] {local_task_job.py:156} INFO - Task exited with return code 0
[2022-06-16 00:59:43,667] {local_task_job.py:273} INFO - 3 downstream tasks scheduled from follow-on schedule check
