[2022-06-15 22:28:58,913] {taskinstance.py:876} INFO - Dependencies all met for <TaskInstance: say_hi.get_name_task 2022-06-13T00:00:00+00:00 [queued]>
[2022-06-15 22:28:58,935] {taskinstance.py:876} INFO - Dependencies all met for <TaskInstance: say_hi.get_name_task 2022-06-13T00:00:00+00:00 [queued]>
[2022-06-15 22:28:58,936] {taskinstance.py:1067} INFO - 
--------------------------------------------------------------------------------
[2022-06-15 22:28:58,936] {taskinstance.py:1068} INFO - Starting attempt 1 of 2
[2022-06-15 22:28:58,939] {taskinstance.py:1069} INFO - 
--------------------------------------------------------------------------------
[2022-06-15 22:28:58,977] {taskinstance.py:1087} INFO - Executing <Task(BashOperator): get_name_task> on 2022-06-13T00:00:00+00:00
[2022-06-15 22:28:58,993] {standard_task_runner.py:52} INFO - Started process 277 to run task
[2022-06-15 22:28:59,005] {standard_task_runner.py:76} INFO - Running: ['***', 'tasks', 'run', 'say_hi', 'get_name_task', '2022-06-13T00:00:00+00:00', '--job-id', '3', '--pool', 'default_pool', '--raw', '--subdir', 'DAGS_FOLDER/username.py', '--cfg-path', '/tmp/tmpd_qcmbzf', '--error-file', '/tmp/tmpq56xc89w']
[2022-06-15 22:28:59,006] {standard_task_runner.py:77} INFO - Job 3: Subtask get_name_task
[2022-06-15 22:28:59,085] {logging_mixin.py:104} INFO - Running <TaskInstance: say_hi.get_name_task 2022-06-13T00:00:00+00:00 [running]> on host c4c189ca1669
[2022-06-15 22:28:59,173] {taskinstance.py:1282} INFO - Exporting the following env vars:
AIRFLOW_CTX_DAG_OWNER=***
AIRFLOW_CTX_DAG_ID=say_hi
AIRFLOW_CTX_TASK_ID=get_name_task
AIRFLOW_CTX_EXECUTION_DATE=2022-06-13T00:00:00+00:00
AIRFLOW_CTX_DAG_RUN_ID=scheduled__2022-06-13T00:00:00+00:00
[2022-06-15 22:28:59,174] {subprocess.py:52} INFO - Tmp dir root location: 
 /tmp
[2022-06-15 22:28:59,174] {subprocess.py:63} INFO - Running command: ['bash', '-c', 'echo Alma > /opt/***/dags/username.txt']
[2022-06-15 22:28:59,189] {subprocess.py:75} INFO - Output:
[2022-06-15 22:28:59,196] {subprocess.py:83} INFO - Command exited with return code 0
[2022-06-15 22:28:59,235] {taskinstance.py:1191} INFO - Marking task as SUCCESS. dag_id=say_hi, task_id=get_name_task, execution_date=20220613T000000, start_date=20220615T222858, end_date=20220615T222859
[2022-06-15 22:28:59,277] {taskinstance.py:1245} INFO - 1 downstream tasks scheduled from follow-on schedule check
[2022-06-15 22:28:59,300] {local_task_job.py:151} INFO - Task exited with return code 0
