[2022-06-15 23:31:09,483] {taskinstance.py:1159} INFO - Dependencies all met for <TaskInstance: say_hi.team_1 manual__2022-06-15T23:06:42.786626+00:00 [queued]>
[2022-06-15 23:31:09,512] {taskinstance.py:1159} INFO - Dependencies all met for <TaskInstance: say_hi.team_1 manual__2022-06-15T23:06:42.786626+00:00 [queued]>
[2022-06-15 23:31:09,512] {taskinstance.py:1356} INFO - 
--------------------------------------------------------------------------------
[2022-06-15 23:31:09,512] {taskinstance.py:1357} INFO - Starting attempt 1 of 2
[2022-06-15 23:31:09,512] {taskinstance.py:1358} INFO - 
--------------------------------------------------------------------------------
[2022-06-15 23:31:09,539] {taskinstance.py:1377} INFO - Executing <Task(PythonOperator): team_1> on 2022-06-15 23:06:42.786626+00:00
[2022-06-15 23:31:09,546] {standard_task_runner.py:52} INFO - Started process 1262 to run task
[2022-06-15 23:31:09,550] {standard_task_runner.py:79} INFO - Running: ['***', 'tasks', 'run', 'say_hi', 'team_1', 'manual__2022-06-15T23:06:42.786626+00:00', '--job-id', '14', '--raw', '--subdir', 'DAGS_FOLDER/username.py', '--cfg-path', '/tmp/tmpu77f6ks2', '--error-file', '/tmp/tmpz_i5x8ac']
[2022-06-15 23:31:09,551] {standard_task_runner.py:80} INFO - Job 14: Subtask team_1
[2022-06-15 23:31:09,647] {task_command.py:370} INFO - Running <TaskInstance: say_hi.team_1 manual__2022-06-15T23:06:42.786626+00:00 [running]> on host 6a14fd44e8dc
[2022-06-15 23:31:09,878] {taskinstance.py:1571} INFO - Exporting the following env vars:
AIRFLOW_CTX_DAG_OWNER=***
AIRFLOW_CTX_DAG_ID=say_hi
AIRFLOW_CTX_TASK_ID=team_1
AIRFLOW_CTX_EXECUTION_DATE=2022-06-15T23:06:42.786626+00:00
AIRFLOW_CTX_TRY_NUMBER=1
AIRFLOW_CTX_DAG_RUN_ID=manual__2022-06-15T23:06:42.786626+00:00
[2022-06-15 23:31:09,879] {logging_mixin.py:115} INFO - ManCity
[2022-06-15 23:31:09,879] {python.py:173} INFO - Done. Returned value was: None
[2022-06-15 23:31:09,908] {taskinstance.py:1400} INFO - Marking task as SUCCESS. dag_id=say_hi, task_id=team_1, execution_date=20220615T230642, start_date=20220615T233109, end_date=20220615T233109
[2022-06-15 23:31:09,974] {local_task_job.py:156} INFO - Task exited with return code 0
[2022-06-15 23:31:10,191] {local_task_job.py:273} INFO - 1 downstream tasks scheduled from follow-on schedule check
