[2022-06-16 00:15:48,219] {taskinstance.py:1159} INFO - Dependencies all met for <TaskInstance: say_hi.team_0 manual__2022-06-16T00:15:39.976018+00:00 [queued]>
[2022-06-16 00:15:48,249] {taskinstance.py:1159} INFO - Dependencies all met for <TaskInstance: say_hi.team_0 manual__2022-06-16T00:15:39.976018+00:00 [queued]>
[2022-06-16 00:15:48,250] {taskinstance.py:1356} INFO - 
--------------------------------------------------------------------------------
[2022-06-16 00:15:48,251] {taskinstance.py:1357} INFO - Starting attempt 1 of 2
[2022-06-16 00:15:48,251] {taskinstance.py:1358} INFO - 
--------------------------------------------------------------------------------
[2022-06-16 00:15:48,285] {taskinstance.py:1377} INFO - Executing <Task(PythonOperator): team_0> on 2022-06-16 00:15:39.976018+00:00
[2022-06-16 00:15:48,294] {standard_task_runner.py:52} INFO - Started process 2901 to run task
[2022-06-16 00:15:48,298] {standard_task_runner.py:79} INFO - Running: ['***', 'tasks', 'run', 'say_hi', 'team_0', 'manual__2022-06-16T00:15:39.976018+00:00', '--job-id', '44', '--raw', '--subdir', 'DAGS_FOLDER/username.py', '--cfg-path', '/tmp/tmp8nlo7gh8', '--error-file', '/tmp/tmp06_q1v01']
[2022-06-16 00:15:48,299] {standard_task_runner.py:80} INFO - Job 44: Subtask team_0
[2022-06-16 00:15:48,430] {task_command.py:370} INFO - Running <TaskInstance: say_hi.team_0 manual__2022-06-16T00:15:39.976018+00:00 [running]> on host 6a14fd44e8dc
[2022-06-16 00:15:48,591] {taskinstance.py:1571} INFO - Exporting the following env vars:
AIRFLOW_CTX_DAG_OWNER=***
AIRFLOW_CTX_DAG_ID=say_hi
AIRFLOW_CTX_TASK_ID=team_0
AIRFLOW_CTX_EXECUTION_DATE=2022-06-16T00:15:39.976018+00:00
AIRFLOW_CTX_TRY_NUMBER=1
AIRFLOW_CTX_DAG_RUN_ID=manual__2022-06-16T00:15:39.976018+00:00
[2022-06-16 00:15:48,592] {logging_mixin.py:115} INFO - Roma
[2022-06-16 00:15:48,595] {python.py:173} INFO - Done. Returned value was: None
[2022-06-16 00:15:48,637] {taskinstance.py:1400} INFO - Marking task as SUCCESS. dag_id=say_hi, task_id=team_0, execution_date=20220616T001539, start_date=20220616T001548, end_date=20220616T001548
[2022-06-16 00:15:48,693] {local_task_job.py:156} INFO - Task exited with return code 0
[2022-06-16 00:15:48,840] {local_task_job.py:273} INFO - 0 downstream tasks scheduled from follow-on schedule check
