[2022-06-19 18:58:27,401] {processor.py:153} INFO - Started process (PID=54) to work on /home/airflow/.local/lib/python3.7/site-packages/airflow/example_dags/example_branch_day_of_week_operator.py
[2022-06-19 18:58:27,411] {processor.py:641} INFO - Processing file /home/airflow/.local/lib/python3.7/site-packages/airflow/example_dags/example_branch_day_of_week_operator.py for tasks to queue
[2022-06-19 18:58:27,417] {logging_mixin.py:115} INFO - [2022-06-19 18:58:27,417] {dagbag.py:507} INFO - Filling up the DagBag from /home/airflow/.local/lib/python3.7/site-packages/airflow/example_dags/example_branch_day_of_week_operator.py
[2022-06-19 18:58:27,485] {processor.py:651} INFO - DAG(s) dict_keys(['example_weekday_branch_operator']) retrieved from /home/airflow/.local/lib/python3.7/site-packages/airflow/example_dags/example_branch_day_of_week_operator.py
[2022-06-19 18:58:28,412] {logging_mixin.py:115} INFO - [2022-06-19 18:58:28,411] {manager.py:508} INFO - Created Permission View: can delete on DAG:example_weekday_branch_operator
[2022-06-19 18:58:28,486] {logging_mixin.py:115} INFO - [2022-06-19 18:58:28,486] {manager.py:508} INFO - Created Permission View: can read on DAG:example_weekday_branch_operator
[2022-06-19 18:58:28,518] {logging_mixin.py:115} INFO - [2022-06-19 18:58:28,518] {manager.py:508} INFO - Created Permission View: can edit on DAG:example_weekday_branch_operator
[2022-06-19 18:58:28,518] {logging_mixin.py:115} INFO - [2022-06-19 18:58:28,518] {dag.py:2379} INFO - Sync 1 DAGs
[2022-06-19 18:58:28,567] {logging_mixin.py:115} INFO - [2022-06-19 18:58:28,567] {dag.py:2398} INFO - Creating ORM DAG for example_weekday_branch_operator
[2022-06-19 18:58:28,668] {logging_mixin.py:115} INFO - [2022-06-19 18:58:28,668] {dag.py:2931} INFO - Setting next_dagrun for example_weekday_branch_operator to 2022-06-18T00:00:00+00:00, run_after=2022-06-19T00:00:00+00:00
[2022-06-19 18:58:28,765] {processor.py:161} INFO - Processing /home/airflow/.local/lib/python3.7/site-packages/airflow/example_dags/example_branch_day_of_week_operator.py took 1.384 seconds
[2022-06-19 18:58:59,459] {processor.py:153} INFO - Started process (PID=106) to work on /home/airflow/.local/lib/python3.7/site-packages/airflow/example_dags/example_branch_day_of_week_operator.py
[2022-06-19 18:58:59,461] {processor.py:641} INFO - Processing file /home/airflow/.local/lib/python3.7/site-packages/airflow/example_dags/example_branch_day_of_week_operator.py for tasks to queue
[2022-06-19 18:58:59,470] {logging_mixin.py:115} INFO - [2022-06-19 18:58:59,468] {dagbag.py:507} INFO - Filling up the DagBag from /home/airflow/.local/lib/python3.7/site-packages/airflow/example_dags/example_branch_day_of_week_operator.py
[2022-06-19 18:58:59,571] {processor.py:651} INFO - DAG(s) dict_keys(['example_weekday_branch_operator']) retrieved from /home/airflow/.local/lib/python3.7/site-packages/airflow/example_dags/example_branch_day_of_week_operator.py
[2022-06-19 18:58:59,786] {logging_mixin.py:115} INFO - [2022-06-19 18:58:59,786] {dag.py:2379} INFO - Sync 1 DAGs
[2022-06-19 18:59:00,705] {logging_mixin.py:115} INFO - [2022-06-19 18:59:00,705] {dag.py:2931} INFO - Setting next_dagrun for example_weekday_branch_operator to 2022-06-18T00:00:00+00:00, run_after=2022-06-19T00:00:00+00:00
[2022-06-19 18:59:00,794] {processor.py:161} INFO - Processing /home/airflow/.local/lib/python3.7/site-packages/airflow/example_dags/example_branch_day_of_week_operator.py took 1.359 seconds
[2022-06-19 18:59:31,415] {processor.py:153} INFO - Started process (PID=158) to work on /home/airflow/.local/lib/python3.7/site-packages/airflow/example_dags/example_branch_day_of_week_operator.py
[2022-06-19 18:59:31,416] {processor.py:641} INFO - Processing file /home/airflow/.local/lib/python3.7/site-packages/airflow/example_dags/example_branch_day_of_week_operator.py for tasks to queue
[2022-06-19 18:59:31,417] {logging_mixin.py:115} INFO - [2022-06-19 18:59:31,416] {dagbag.py:507} INFO - Filling up the DagBag from /home/airflow/.local/lib/python3.7/site-packages/airflow/example_dags/example_branch_day_of_week_operator.py
[2022-06-19 18:59:31,438] {processor.py:651} INFO - DAG(s) dict_keys(['example_weekday_branch_operator']) retrieved from /home/airflow/.local/lib/python3.7/site-packages/airflow/example_dags/example_branch_day_of_week_operator.py
[2022-06-19 18:59:31,505] {logging_mixin.py:115} INFO - [2022-06-19 18:59:31,505] {dag.py:2379} INFO - Sync 1 DAGs
[2022-06-19 18:59:31,898] {logging_mixin.py:115} INFO - [2022-06-19 18:59:31,897] {dag.py:2931} INFO - Setting next_dagrun for example_weekday_branch_operator to 2022-06-18T00:00:00+00:00, run_after=2022-06-19T00:00:00+00:00
[2022-06-19 18:59:31,928] {processor.py:161} INFO - Processing /home/airflow/.local/lib/python3.7/site-packages/airflow/example_dags/example_branch_day_of_week_operator.py took 0.519 seconds
