[2022-06-19 18:58:37,907] {processor.py:153} INFO - Started process (PID=73) to work on /home/airflow/.local/lib/python3.7/site-packages/airflow/example_dags/example_short_circuit_operator.py
[2022-06-19 18:58:37,908] {processor.py:641} INFO - Processing file /home/airflow/.local/lib/python3.7/site-packages/airflow/example_dags/example_short_circuit_operator.py for tasks to queue
[2022-06-19 18:58:37,909] {logging_mixin.py:115} INFO - [2022-06-19 18:58:37,908] {dagbag.py:507} INFO - Filling up the DagBag from /home/airflow/.local/lib/python3.7/site-packages/airflow/example_dags/example_short_circuit_operator.py
[2022-06-19 18:58:37,990] {processor.py:651} INFO - DAG(s) dict_keys(['example_short_circuit_operator']) retrieved from /home/airflow/.local/lib/python3.7/site-packages/airflow/example_dags/example_short_circuit_operator.py
[2022-06-19 18:58:39,419] {logging_mixin.py:115} INFO - [2022-06-19 18:58:39,419] {manager.py:508} INFO - Created Permission View: can delete on DAG:example_short_circuit_operator
[2022-06-19 18:58:39,496] {logging_mixin.py:115} INFO - [2022-06-19 18:58:39,496] {manager.py:508} INFO - Created Permission View: can read on DAG:example_short_circuit_operator
[2022-06-19 18:58:39,547] {logging_mixin.py:115} INFO - [2022-06-19 18:58:39,547] {manager.py:508} INFO - Created Permission View: can edit on DAG:example_short_circuit_operator
[2022-06-19 18:58:39,547] {logging_mixin.py:115} INFO - [2022-06-19 18:58:39,547] {dag.py:2379} INFO - Sync 1 DAGs
[2022-06-19 18:58:39,610] {logging_mixin.py:115} INFO - [2022-06-19 18:58:39,610] {dag.py:2398} INFO - Creating ORM DAG for example_short_circuit_operator
[2022-06-19 18:58:39,686] {logging_mixin.py:115} INFO - [2022-06-19 18:58:39,686] {dag.py:2931} INFO - Setting next_dagrun for example_short_circuit_operator to 2022-06-18T18:58:39.686039+00:00, run_after=2022-06-19T18:58:39.686039+00:00
[2022-06-19 18:58:39,747] {processor.py:161} INFO - Processing /home/airflow/.local/lib/python3.7/site-packages/airflow/example_dags/example_short_circuit_operator.py took 1.882 seconds
[2022-06-19 18:59:10,695] {processor.py:153} INFO - Started process (PID=123) to work on /home/airflow/.local/lib/python3.7/site-packages/airflow/example_dags/example_short_circuit_operator.py
[2022-06-19 18:59:10,704] {processor.py:641} INFO - Processing file /home/airflow/.local/lib/python3.7/site-packages/airflow/example_dags/example_short_circuit_operator.py for tasks to queue
[2022-06-19 18:59:10,706] {logging_mixin.py:115} INFO - [2022-06-19 18:59:10,705] {dagbag.py:507} INFO - Filling up the DagBag from /home/airflow/.local/lib/python3.7/site-packages/airflow/example_dags/example_short_circuit_operator.py
[2022-06-19 18:59:10,743] {processor.py:651} INFO - DAG(s) dict_keys(['example_short_circuit_operator']) retrieved from /home/airflow/.local/lib/python3.7/site-packages/airflow/example_dags/example_short_circuit_operator.py
[2022-06-19 18:59:10,853] {logging_mixin.py:115} INFO - [2022-06-19 18:59:10,853] {dag.py:2379} INFO - Sync 1 DAGs
[2022-06-19 18:59:11,496] {logging_mixin.py:115} INFO - [2022-06-19 18:59:11,496] {dag.py:2931} INFO - Setting next_dagrun for example_short_circuit_operator to 2022-06-18T18:59:11.496352+00:00, run_after=2022-06-19T18:59:11.496352+00:00
[2022-06-19 18:59:11,607] {processor.py:161} INFO - Processing /home/airflow/.local/lib/python3.7/site-packages/airflow/example_dags/example_short_circuit_operator.py took 0.922 seconds
[2022-06-19 18:59:41,851] {processor.py:153} INFO - Started process (PID=176) to work on /home/airflow/.local/lib/python3.7/site-packages/airflow/example_dags/example_short_circuit_operator.py
[2022-06-19 18:59:41,856] {processor.py:641} INFO - Processing file /home/airflow/.local/lib/python3.7/site-packages/airflow/example_dags/example_short_circuit_operator.py for tasks to queue
[2022-06-19 18:59:41,859] {logging_mixin.py:115} INFO - [2022-06-19 18:59:41,858] {dagbag.py:507} INFO - Filling up the DagBag from /home/airflow/.local/lib/python3.7/site-packages/airflow/example_dags/example_short_circuit_operator.py
[2022-06-19 18:59:41,937] {processor.py:651} INFO - DAG(s) dict_keys(['example_short_circuit_operator']) retrieved from /home/airflow/.local/lib/python3.7/site-packages/airflow/example_dags/example_short_circuit_operator.py
[2022-06-19 18:59:42,050] {logging_mixin.py:115} INFO - [2022-06-19 18:59:42,050] {dag.py:2379} INFO - Sync 1 DAGs
[2022-06-19 18:59:42,445] {logging_mixin.py:115} INFO - [2022-06-19 18:59:42,445] {dag.py:2931} INFO - Setting next_dagrun for example_short_circuit_operator to 2022-06-18T18:59:42.445382+00:00, run_after=2022-06-19T18:59:42.445382+00:00
[2022-06-19 18:59:42,535] {processor.py:161} INFO - Processing /home/airflow/.local/lib/python3.7/site-packages/airflow/example_dags/example_short_circuit_operator.py took 0.689 seconds
