[2022-06-19 18:58:37,511] {processor.py:153} INFO - Started process (PID=72) to work on /home/airflow/.local/lib/python3.7/site-packages/airflow/example_dags/tutorial_etl_dag.py
[2022-06-19 18:58:37,512] {processor.py:641} INFO - Processing file /home/airflow/.local/lib/python3.7/site-packages/airflow/example_dags/tutorial_etl_dag.py for tasks to queue
[2022-06-19 18:58:37,513] {logging_mixin.py:115} INFO - [2022-06-19 18:58:37,513] {dagbag.py:507} INFO - Filling up the DagBag from /home/airflow/.local/lib/python3.7/site-packages/airflow/example_dags/tutorial_etl_dag.py
[2022-06-19 18:58:37,605] {processor.py:651} INFO - DAG(s) dict_keys(['tutorial_etl_dag']) retrieved from /home/airflow/.local/lib/python3.7/site-packages/airflow/example_dags/tutorial_etl_dag.py
[2022-06-19 18:58:38,947] {logging_mixin.py:115} INFO - [2022-06-19 18:58:38,947] {manager.py:508} INFO - Created Permission View: can delete on DAG:tutorial_etl_dag
[2022-06-19 18:58:39,046] {logging_mixin.py:115} INFO - [2022-06-19 18:58:39,046] {manager.py:508} INFO - Created Permission View: can read on DAG:tutorial_etl_dag
[2022-06-19 18:58:39,103] {logging_mixin.py:115} INFO - [2022-06-19 18:58:39,103] {manager.py:508} INFO - Created Permission View: can edit on DAG:tutorial_etl_dag
[2022-06-19 18:58:39,103] {logging_mixin.py:115} INFO - [2022-06-19 18:58:39,103] {dag.py:2379} INFO - Sync 1 DAGs
[2022-06-19 18:58:39,142] {logging_mixin.py:115} INFO - [2022-06-19 18:58:39,142] {dag.py:2398} INFO - Creating ORM DAG for tutorial_etl_dag
[2022-06-19 18:58:39,227] {logging_mixin.py:115} INFO - [2022-06-19 18:58:39,227] {dag.py:2931} INFO - Setting next_dagrun for tutorial_etl_dag to None, run_after=None
[2022-06-19 18:58:39,313] {processor.py:161} INFO - Processing /home/airflow/.local/lib/python3.7/site-packages/airflow/example_dags/tutorial_etl_dag.py took 1.827 seconds
[2022-06-19 18:59:09,775] {processor.py:153} INFO - Started process (PID=122) to work on /home/airflow/.local/lib/python3.7/site-packages/airflow/example_dags/tutorial_etl_dag.py
[2022-06-19 18:59:09,775] {processor.py:641} INFO - Processing file /home/airflow/.local/lib/python3.7/site-packages/airflow/example_dags/tutorial_etl_dag.py for tasks to queue
[2022-06-19 18:59:09,776] {logging_mixin.py:115} INFO - [2022-06-19 18:59:09,776] {dagbag.py:507} INFO - Filling up the DagBag from /home/airflow/.local/lib/python3.7/site-packages/airflow/example_dags/tutorial_etl_dag.py
[2022-06-19 18:59:09,818] {processor.py:651} INFO - DAG(s) dict_keys(['tutorial_etl_dag']) retrieved from /home/airflow/.local/lib/python3.7/site-packages/airflow/example_dags/tutorial_etl_dag.py
[2022-06-19 18:59:10,017] {logging_mixin.py:115} INFO - [2022-06-19 18:59:10,017] {dag.py:2379} INFO - Sync 1 DAGs
[2022-06-19 18:59:10,438] {logging_mixin.py:115} INFO - [2022-06-19 18:59:10,438] {dag.py:2931} INFO - Setting next_dagrun for tutorial_etl_dag to None, run_after=None
[2022-06-19 18:59:10,595] {processor.py:161} INFO - Processing /home/airflow/.local/lib/python3.7/site-packages/airflow/example_dags/tutorial_etl_dag.py took 0.838 seconds
[2022-06-19 18:59:40,840] {processor.py:153} INFO - Started process (PID=168) to work on /home/airflow/.local/lib/python3.7/site-packages/airflow/example_dags/tutorial_etl_dag.py
[2022-06-19 18:59:40,842] {processor.py:641} INFO - Processing file /home/airflow/.local/lib/python3.7/site-packages/airflow/example_dags/tutorial_etl_dag.py for tasks to queue
[2022-06-19 18:59:40,843] {logging_mixin.py:115} INFO - [2022-06-19 18:59:40,843] {dagbag.py:507} INFO - Filling up the DagBag from /home/airflow/.local/lib/python3.7/site-packages/airflow/example_dags/tutorial_etl_dag.py
[2022-06-19 18:59:40,860] {processor.py:651} INFO - DAG(s) dict_keys(['tutorial_etl_dag']) retrieved from /home/airflow/.local/lib/python3.7/site-packages/airflow/example_dags/tutorial_etl_dag.py
[2022-06-19 18:59:40,890] {logging_mixin.py:115} INFO - [2022-06-19 18:59:40,890] {dag.py:2379} INFO - Sync 1 DAGs
[2022-06-19 18:59:41,026] {logging_mixin.py:115} INFO - [2022-06-19 18:59:41,025] {dag.py:2931} INFO - Setting next_dagrun for tutorial_etl_dag to None, run_after=None
[2022-06-19 18:59:41,064] {processor.py:161} INFO - Processing /home/airflow/.local/lib/python3.7/site-packages/airflow/example_dags/tutorial_etl_dag.py took 0.234 seconds
