[2022-06-08 22:34:33,216] {taskinstance.py:876} INFO - Dependencies all met for <TaskInstance: say_hi.greeting_task 2022-06-08T22:27:45.849607+00:00 [queued]>
[2022-06-08 22:34:33,352] {taskinstance.py:876} INFO - Dependencies all met for <TaskInstance: say_hi.greeting_task 2022-06-08T22:27:45.849607+00:00 [queued]>
[2022-06-08 22:34:33,365] {taskinstance.py:1067} INFO - 
--------------------------------------------------------------------------------
[2022-06-08 22:34:33,366] {taskinstance.py:1068} INFO - Starting attempt 1 of 2
[2022-06-08 22:34:33,392] {taskinstance.py:1069} INFO - 
--------------------------------------------------------------------------------
[2022-06-08 22:34:33,432] {taskinstance.py:1087} INFO - Executing <Task(PythonOperator): greeting_task> on 2022-06-08T22:27:45.849607+00:00
[2022-06-08 22:34:33,458] {standard_task_runner.py:52} INFO - Started process 2901 to run task
[2022-06-08 22:34:33,476] {standard_task_runner.py:76} INFO - Running: ['***', 'tasks', 'run', 'say_hi', 'greeting_task', '2022-06-08T22:27:45.849607+00:00', '--job-id', '62', '--pool', 'default_pool', '--raw', '--subdir', 'DAGS_FOLDER/username.py', '--cfg-path', '/tmp/tmpxd5ktkxn', '--error-file', '/tmp/tmp9l8oj1od']
[2022-06-08 22:34:33,479] {standard_task_runner.py:77} INFO - Job 62: Subtask greeting_task
[2022-06-08 22:34:33,587] {logging_mixin.py:104} INFO - Running <TaskInstance: say_hi.greeting_task 2022-06-08T22:27:45.849607+00:00 [running]> on host 69873a4b1233
[2022-06-08 22:34:33,899] {taskinstance.py:1282} INFO - Exporting the following env vars:
AIRFLOW_CTX_DAG_OWNER=***
AIRFLOW_CTX_DAG_ID=say_hi
AIRFLOW_CTX_TASK_ID=greeting_task
AIRFLOW_CTX_EXECUTION_DATE=2022-06-08T22:27:45.849607+00:00
AIRFLOW_CTX_DAG_RUN_ID=manual__2022-06-08T22:27:45.849607+00:00
[2022-06-08 22:34:33,900] {logging_mixin.py:104} INFO - hello, Alma
!
[2022-06-08 22:34:33,900] {python.py:151} INFO - Done. Returned value was: None
[2022-06-08 22:34:33,929] {taskinstance.py:1191} INFO - Marking task as SUCCESS. dag_id=say_hi, task_id=greeting_task, execution_date=20220608T222745, start_date=20220608T223433, end_date=20220608T223433
[2022-06-08 22:34:34,076] {taskinstance.py:1245} INFO - 1 downstream tasks scheduled from follow-on schedule check
[2022-06-08 22:34:34,134] {local_task_job.py:151} INFO - Task exited with return code 0
