[2022-06-08 21:55:01,127] {taskinstance.py:876} INFO - Dependencies all met for <TaskInstance: hello.date_task 2022-06-08T21:54:58.795457+00:00 [queued]>
[2022-06-08 21:55:01,150] {taskinstance.py:876} INFO - Dependencies all met for <TaskInstance: hello.date_task 2022-06-08T21:54:58.795457+00:00 [queued]>
[2022-06-08 21:55:01,151] {taskinstance.py:1067} INFO - 
--------------------------------------------------------------------------------
[2022-06-08 21:55:01,151] {taskinstance.py:1068} INFO - Starting attempt 1 of 2
[2022-06-08 21:55:01,154] {taskinstance.py:1069} INFO - 
--------------------------------------------------------------------------------
[2022-06-08 21:55:01,164] {taskinstance.py:1087} INFO - Executing <Task(PythonOperator): date_task> on 2022-06-08T21:54:58.795457+00:00
[2022-06-08 21:55:01,171] {standard_task_runner.py:52} INFO - Started process 691 to run task
[2022-06-08 21:55:01,175] {standard_task_runner.py:76} INFO - Running: ['***', 'tasks', 'run', 'hello', 'date_task', '2022-06-08T21:54:58.795457+00:00', '--job-id', '42', '--pool', 'default_pool', '--raw', '--subdir', 'DAGS_FOLDER/username.py', '--cfg-path', '/tmp/tmpzkgrguh9', '--error-file', '/tmp/tmpwdnllh1f']
[2022-06-08 21:55:01,175] {standard_task_runner.py:77} INFO - Job 42: Subtask date_task
[2022-06-08 21:55:01,221] {logging_mixin.py:104} INFO - Running <TaskInstance: hello.date_task 2022-06-08T21:54:58.795457+00:00 [running]> on host 69873a4b1233
[2022-06-08 21:55:01,295] {taskinstance.py:1282} INFO - Exporting the following env vars:
AIRFLOW_CTX_DAG_OWNER=***
AIRFLOW_CTX_DAG_ID=hello
AIRFLOW_CTX_TASK_ID=date_task
AIRFLOW_CTX_EXECUTION_DATE=2022-06-08T21:54:58.795457+00:00
AIRFLOW_CTX_DAG_RUN_ID=manual__2022-06-08T21:54:58.795457+00:00
[2022-06-08 21:55:01,296] {logging_mixin.py:104} INFO - 2022-06-08 21:55:01.296627
[2022-06-08 21:55:01,296] {python.py:151} INFO - Done. Returned value was: None
[2022-06-08 21:55:01,308] {taskinstance.py:1191} INFO - Marking task as SUCCESS. dag_id=hello, task_id=date_task, execution_date=20220608T215458, start_date=20220608T215501, end_date=20220608T215501
[2022-06-08 21:55:01,354] {taskinstance.py:1245} INFO - 0 downstream tasks scheduled from follow-on schedule check
[2022-06-08 21:55:01,394] {local_task_job.py:151} INFO - Task exited with return code 0
