[2022-06-16 00:59:36,302] {taskinstance.py:1159} INFO - Dependencies all met for <TaskInstance: code_review_ch6.get_name_task manual__2022-06-16T00:59:32.962717+00:00 [queued]>
[2022-06-16 00:59:36,333] {taskinstance.py:1159} INFO - Dependencies all met for <TaskInstance: code_review_ch6.get_name_task manual__2022-06-16T00:59:32.962717+00:00 [queued]>
[2022-06-16 00:59:36,333] {taskinstance.py:1356} INFO - 
--------------------------------------------------------------------------------
[2022-06-16 00:59:36,333] {taskinstance.py:1357} INFO - Starting attempt 1 of 2
[2022-06-16 00:59:36,334] {taskinstance.py:1358} INFO - 
--------------------------------------------------------------------------------
[2022-06-16 00:59:36,375] {taskinstance.py:1377} INFO - Executing <Task(BashOperator): get_name_task> on 2022-06-16 00:59:32.962717+00:00
[2022-06-16 00:59:36,380] {standard_task_runner.py:52} INFO - Started process 4787 to run task
[2022-06-16 00:59:36,392] {standard_task_runner.py:79} INFO - Running: ['***', 'tasks', 'run', 'code_review_ch6', 'get_name_task', 'manual__2022-06-16T00:59:32.962717+00:00', '--job-id', '46', '--raw', '--subdir', 'DAGS_FOLDER/ch6_code_review.py', '--cfg-path', '/tmp/tmp6ri4gyac', '--error-file', '/tmp/tmp_d7mv5ts']
[2022-06-16 00:59:36,399] {standard_task_runner.py:80} INFO - Job 46: Subtask get_name_task
[2022-06-16 00:59:36,525] {task_command.py:370} INFO - Running <TaskInstance: code_review_ch6.get_name_task manual__2022-06-16T00:59:32.962717+00:00 [running]> on host 6a14fd44e8dc
[2022-06-16 00:59:36,753] {taskinstance.py:1571} INFO - Exporting the following env vars:
AIRFLOW_CTX_DAG_OWNER=***
AIRFLOW_CTX_DAG_ID=code_review_ch6
AIRFLOW_CTX_TASK_ID=get_name_task
AIRFLOW_CTX_EXECUTION_DATE=2022-06-16T00:59:32.962717+00:00
AIRFLOW_CTX_TRY_NUMBER=1
AIRFLOW_CTX_DAG_RUN_ID=manual__2022-06-16T00:59:32.962717+00:00
[2022-06-16 00:59:36,754] {subprocess.py:62} INFO - Tmp dir root location: 
 /tmp
[2022-06-16 00:59:36,758] {subprocess.py:74} INFO - Running command: ['bash', '-c', 'echo Alma > /opt/***/dags/username.txt']
[2022-06-16 00:59:36,892] {subprocess.py:85} INFO - Output:
[2022-06-16 00:59:36,928] {subprocess.py:96} INFO - Command exited with return code 0
[2022-06-16 00:59:37,337] {taskinstance.py:1400} INFO - Marking task as SUCCESS. dag_id=code_review_ch6, task_id=get_name_task, execution_date=20220616T005932, start_date=20220616T005936, end_date=20220616T005937
[2022-06-16 00:59:37,488] {local_task_job.py:156} INFO - Task exited with return code 0
[2022-06-16 00:59:37,751] {local_task_job.py:273} INFO - 1 downstream tasks scheduled from follow-on schedule check
