[2022-06-08 21:48:34,231] {taskinstance.py:876} INFO - Dependencies all met for <TaskInstance: hello.date_task 2022-06-07T00:00:00+00:00 [queued]>
[2022-06-08 21:48:34,291] {taskinstance.py:876} INFO - Dependencies all met for <TaskInstance: hello.date_task 2022-06-07T00:00:00+00:00 [queued]>
[2022-06-08 21:48:34,292] {taskinstance.py:1067} INFO - 
--------------------------------------------------------------------------------
[2022-06-08 21:48:34,292] {taskinstance.py:1068} INFO - Starting attempt 1 of 2
[2022-06-08 21:48:34,314] {taskinstance.py:1069} INFO - 
--------------------------------------------------------------------------------
[2022-06-08 21:48:34,347] {taskinstance.py:1087} INFO - Executing <Task(PythonOperator): date_task> on 2022-06-07T00:00:00+00:00
[2022-06-08 21:48:34,366] {standard_task_runner.py:52} INFO - Started process 326 to run task
[2022-06-08 21:48:34,376] {standard_task_runner.py:76} INFO - Running: ['***', 'tasks', 'run', 'hello', 'date_task', '2022-06-07T00:00:00+00:00', '--job-id', '38', '--pool', 'default_pool', '--raw', '--subdir', 'DAGS_FOLDER/username.py', '--cfg-path', '/tmp/tmpdvn47dxw', '--error-file', '/tmp/tmpigz2hg27']
[2022-06-08 21:48:34,377] {standard_task_runner.py:77} INFO - Job 38: Subtask date_task
[2022-06-08 21:48:34,499] {logging_mixin.py:104} INFO - Running <TaskInstance: hello.date_task 2022-06-07T00:00:00+00:00 [running]> on host 69873a4b1233
[2022-06-08 21:48:34,620] {taskinstance.py:1282} INFO - Exporting the following env vars:
AIRFLOW_CTX_DAG_OWNER=***
AIRFLOW_CTX_DAG_ID=hello
AIRFLOW_CTX_TASK_ID=date_task
AIRFLOW_CTX_EXECUTION_DATE=2022-06-07T00:00:00+00:00
AIRFLOW_CTX_DAG_RUN_ID=scheduled__2022-06-07T00:00:00+00:00
[2022-06-08 21:48:34,623] {logging_mixin.py:104} INFO - 2022-06-08 21:48:34.623112
[2022-06-08 21:48:34,623] {python.py:151} INFO - Done. Returned value was: None
[2022-06-08 21:48:34,643] {taskinstance.py:1191} INFO - Marking task as SUCCESS. dag_id=hello, task_id=date_task, execution_date=20220607T000000, start_date=20220608T214834, end_date=20220608T214834
[2022-06-08 21:48:34,746] {taskinstance.py:1245} INFO - 0 downstream tasks scheduled from follow-on schedule check
[2022-06-08 21:48:34,765] {local_task_job.py:151} INFO - Task exited with return code 0
