[2022-06-16 00:14:46,504] {taskinstance.py:1159} INFO - Dependencies all met for <TaskInstance: say_hi.get_name_task manual__2022-06-16T00:14:45.313823+00:00 [queued]>
[2022-06-16 00:14:46,516] {taskinstance.py:1159} INFO - Dependencies all met for <TaskInstance: say_hi.get_name_task manual__2022-06-16T00:14:45.313823+00:00 [queued]>
[2022-06-16 00:14:46,516] {taskinstance.py:1356} INFO - 
--------------------------------------------------------------------------------
[2022-06-16 00:14:46,516] {taskinstance.py:1357} INFO - Starting attempt 1 of 2
[2022-06-16 00:14:46,516] {taskinstance.py:1358} INFO - 
--------------------------------------------------------------------------------
[2022-06-16 00:14:46,541] {taskinstance.py:1377} INFO - Executing <Task(BashOperator): get_name_task> on 2022-06-16 00:14:45.313823+00:00
[2022-06-16 00:14:46,547] {standard_task_runner.py:52} INFO - Started process 2832 to run task
[2022-06-16 00:14:46,551] {standard_task_runner.py:79} INFO - Running: ['***', 'tasks', 'run', 'say_hi', 'get_name_task', 'manual__2022-06-16T00:14:45.313823+00:00', '--job-id', '34', '--raw', '--subdir', 'DAGS_FOLDER/username.py', '--cfg-path', '/tmp/tmp7mvb7qh4', '--error-file', '/tmp/tmpvs51kqwr']
[2022-06-16 00:14:46,551] {standard_task_runner.py:80} INFO - Job 34: Subtask get_name_task
[2022-06-16 00:14:46,613] {task_command.py:370} INFO - Running <TaskInstance: say_hi.get_name_task manual__2022-06-16T00:14:45.313823+00:00 [running]> on host 6a14fd44e8dc
[2022-06-16 00:14:46,703] {taskinstance.py:1571} INFO - Exporting the following env vars:
AIRFLOW_CTX_DAG_OWNER=***
AIRFLOW_CTX_DAG_ID=say_hi
AIRFLOW_CTX_TASK_ID=get_name_task
AIRFLOW_CTX_EXECUTION_DATE=2022-06-16T00:14:45.313823+00:00
AIRFLOW_CTX_TRY_NUMBER=1
AIRFLOW_CTX_DAG_RUN_ID=manual__2022-06-16T00:14:45.313823+00:00
[2022-06-16 00:14:46,704] {subprocess.py:62} INFO - Tmp dir root location: 
 /tmp
[2022-06-16 00:14:46,705] {subprocess.py:74} INFO - Running command: ['bash', '-c', 'echo Alma > /opt/***/dags/username.txt']
[2022-06-16 00:14:46,719] {subprocess.py:85} INFO - Output:
[2022-06-16 00:14:46,725] {subprocess.py:96} INFO - Command exited with return code 0
[2022-06-16 00:14:46,776] {taskinstance.py:1400} INFO - Marking task as SUCCESS. dag_id=say_hi, task_id=get_name_task, execution_date=20220616T001445, start_date=20220616T001446, end_date=20220616T001446
[2022-06-16 00:14:46,805] {local_task_job.py:156} INFO - Task exited with return code 0
[2022-06-16 00:14:46,867] {local_task_job.py:273} INFO - 1 downstream tasks scheduled from follow-on schedule check
